{"C:\\Rag-Experiements\\src\\backend\\contextBuilder.ts": {"path":"C:\\Rag-Experiements\\src\\backend\\contextBuilder.ts","statementMap":{"0":{"start":{"line":5,"column":31},"end":{"line":10,"column":20}},"1":{"start":{"line":11,"column":22},"end":{"line":11,"column":58}},"2":{"start":{"line":13,"column":8},"end":{"line":19,"column":null}},"3":{"start":{"line":14,"column":12},"end":{"line":14,"column":50}},"4":{"start":{"line":15,"column":12},"end":{"line":17,"column":15}},"5":{"start":{"line":16,"column":16},"end":{"line":16,"column":59}},"6":{"start":{"line":18,"column":12},"end":{"line":18,"column":28}},"7":{"start":{"line":21,"column":8},"end":{"line":26,"column":null}},"8":{"start":{"line":22,"column":12},"end":{"line":22,"column":47}},"9":{"start":{"line":23,"column":12},"end":{"line":25,"column":15}},"10":{"start":{"line":24,"column":16},"end":{"line":24,"column":71}},"11":{"start":{"line":29,"column":23},"end":{"line":29,"column":46}},"12":{"start":{"line":30,"column":28},"end":{"line":34,"column":10}},"13":{"start":{"line":31,"column":25},"end":{"line":31,"column":58}},"14":{"start":{"line":32,"column":27},"end":{"line":32,"column":72}},"15":{"start":{"line":32,"column":59},"end":{"line":32,"column":71}},"16":{"start":{"line":33,"column":12},"end":{"line":33,"column":58}},"17":{"start":{"line":33,"column":38},"end":{"line":33,"column":56}},"18":{"start":{"line":36,"column":8},"end":{"line":44,"column":null}},"19":{"start":{"line":37,"column":12},"end":{"line":37,"column":91}},"20":{"start":{"line":38,"column":12},"end":{"line":40,"column":15}},"21":{"start":{"line":39,"column":16},"end":{"line":39,"column":66}},"22":{"start":{"line":41,"column":15},"end":{"line":44,"column":null}},"23":{"start":{"line":43,"column":12},"end":{"line":43,"column":126}},"24":{"start":{"line":46,"column":8},"end":{"line":46,"column":49}},"25":{"start":{"line":47,"column":8},"end":{"line":47,"column":23}},"26":{"start":{"line":3,"column":0},"end":{"line":3,"column":13}}},"fnMap":{"0":{"name":"(anonymous_0)","decl":{"start":{"line":4,"column":4},"end":{"line":4,"column":16}},"loc":{"start":{"line":4,"column":121},"end":{"line":48,"column":5}}},"1":{"name":"(anonymous_1)","decl":{"start":{"line":15,"column":32},"end":{"line":15,"column":35}},"loc":{"start":{"line":15,"column":38},"end":{"line":17,"column":13}}},"2":{"name":"(anonymous_2)","decl":{"start":{"line":23,"column":33},"end":{"line":23,"column":34}},"loc":{"start":{"line":23,"column":46},"end":{"line":25,"column":13}}},"3":{"name":"(anonymous_3)","decl":{"start":{"line":30,"column":43},"end":{"line":30,"column":46}},"loc":{"start":{"line":30,"column":49},"end":{"line":34,"column":9}}},"4":{"name":"(anonymous_4)","decl":{"start":{"line":32,"column":54},"end":{"line":32,"column":55}},"loc":{"start":{"line":32,"column":59},"end":{"line":32,"column":71}}},"5":{"name":"(anonymous_5)","decl":{"start":{"line":33,"column":31},"end":{"line":33,"column":34}},"loc":{"start":{"line":33,"column":38},"end":{"line":33,"column":56}}},"6":{"name":"(anonymous_6)","decl":{"start":{"line":38,"column":32},"end":{"line":38,"column":33}},"loc":{"start":{"line":38,"column":45},"end":{"line":40,"column":13}}}},"branchMap":{"0":{"loc":{"start":{"line":13,"column":8},"end":{"line":19,"column":null}},"type":"if","locations":[{"start":{"line":13,"column":8},"end":{"line":19,"column":null}}]},"1":{"loc":{"start":{"line":21,"column":8},"end":{"line":26,"column":null}},"type":"if","locations":[{"start":{"line":21,"column":8},"end":{"line":26,"column":null}}]},"2":{"loc":{"start":{"line":31,"column":26},"end":{"line":31,"column":43}},"type":"binary-expr","locations":[{"start":{"line":31,"column":26},"end":{"line":31,"column":37}},{"start":{"line":31,"column":41},"end":{"line":31,"column":43}}]},"3":{"loc":{"start":{"line":36,"column":8},"end":{"line":44,"column":null}},"type":"if","locations":[{"start":{"line":36,"column":8},"end":{"line":44,"column":null}},{"start":{"line":41,"column":15},"end":{"line":44,"column":null}}]},"4":{"loc":{"start":{"line":41,"column":15},"end":{"line":44,"column":null}},"type":"if","locations":[{"start":{"line":41,"column":15},"end":{"line":44,"column":null}}]}},"s":{"0":7,"1":7,"2":7,"3":3,"4":3,"5":4,"6":3,"7":7,"8":3,"9":3,"10":3,"11":7,"12":7,"13":7,"14":7,"15":29,"16":7,"17":12,"18":7,"19":2,"20":2,"21":2,"22":5,"23":3,"24":7,"25":7,"26":6},"f":{"0":7,"1":4,"2":3,"3":7,"4":29,"5":12,"6":2},"b":{"0":[3],"1":[3],"2":[7,0],"3":[2,5],"4":[3]}}
,"C:\\Rag-Experiements\\src\\backend\\externalMemory.ts": {"path":"C:\\Rag-Experiements\\src\\backend\\externalMemory.ts","statementMap":{"0":{"start":{"line":25,"column":12},"end":{"line":25,"column":63}},"1":{"start":{"line":26,"column":12},"end":{"line":26,"column":57}},"2":{"start":{"line":27,"column":12},"end":{"line":27,"column":44}},"3":{"start":{"line":28,"column":12},"end":{"line":28,"column":33}},"4":{"start":{"line":36,"column":8},"end":{"line":36,"column":44}},"5":{"start":{"line":36,"column":37},"end":{"line":36,"column":44}},"6":{"start":{"line":38,"column":20},"end":{"line":38,"column":30}},"7":{"start":{"line":39,"column":39},"end":{"line":287,"column":10}},"8":{"start":{"line":289,"column":8},"end":{"line":289,"column":61}},"9":{"start":{"line":289,"column":28},"end":{"line":289,"column":59}},"10":{"start":{"line":293,"column":20},"end":{"line":293,"column":55}},"11":{"start":{"line":294,"column":8},"end":{"line":294,"column":34}},"12":{"start":{"line":298,"column":8},"end":{"line":298,"column":48}},"13":{"start":{"line":302,"column":8},"end":{"line":302,"column":46}},"14":{"start":{"line":306,"column":8},"end":{"line":306,"column":40}},"15":{"start":{"line":310,"column":8},"end":{"line":310,"column":39}},"16":{"start":{"line":311,"column":8},"end":{"line":313,"column":null}},"17":{"start":{"line":312,"column":12},"end":{"line":312,"column":37}},"18":{"start":{"line":317,"column":8},"end":{"line":317,"column":30}},"19":{"start":{"line":24,"column":0},"end":{"line":24,"column":13}}},"fnMap":{"0":{"name":"(anonymous_0)","decl":{"start":{"line":24,"column":0},"end":{"line":24,"column":13}},"loc":{"start":{"line":24,"column":0},"end":{"line":319,"column":1}}},"1":{"name":"(anonymous_1)","decl":{"start":{"line":34,"column":4},"end":{"line":34,"column":9}},"loc":{"start":{"line":34,"column":26},"end":{"line":290,"column":5}}},"2":{"name":"(anonymous_2)","decl":{"start":{"line":289,"column":21},"end":{"line":289,"column":24}},"loc":{"start":{"line":289,"column":28},"end":{"line":289,"column":59}}},"3":{"name":"(anonymous_3)","decl":{"start":{"line":292,"column":4},"end":{"line":292,"column":9}},"loc":{"start":{"line":292,"column":51},"end":{"line":295,"column":5}}},"4":{"name":"(anonymous_4)","decl":{"start":{"line":297,"column":4},"end":{"line":297,"column":9}},"loc":{"start":{"line":297,"column":34},"end":{"line":299,"column":5}}},"5":{"name":"(anonymous_5)","decl":{"start":{"line":301,"column":4},"end":{"line":301,"column":9}},"loc":{"start":{"line":301,"column":38},"end":{"line":303,"column":5}}},"6":{"name":"(anonymous_6)","decl":{"start":{"line":305,"column":4},"end":{"line":305,"column":9}},"loc":{"start":{"line":305,"column":43},"end":{"line":307,"column":5}}},"7":{"name":"(anonymous_7)","decl":{"start":{"line":309,"column":4},"end":{"line":309,"column":9}},"loc":{"start":{"line":309,"column":47},"end":{"line":314,"column":5}}},"8":{"name":"(anonymous_8)","decl":{"start":{"line":316,"column":4},"end":{"line":316,"column":9}},"loc":{"start":{"line":316,"column":26},"end":{"line":318,"column":5}}}},"branchMap":{"0":{"loc":{"start":{"line":36,"column":8},"end":{"line":36,"column":44}},"type":"if","locations":[{"start":{"line":36,"column":8},"end":{"line":36,"column":44}}]},"1":{"loc":{"start":{"line":311,"column":8},"end":{"line":313,"column":null}},"type":"if","locations":[{"start":{"line":311,"column":8},"end":{"line":313,"column":null}}]}},"s":{"0":34,"1":34,"2":34,"3":34,"4":10,"5":1,"6":9,"7":9,"8":9,"9":108,"10":15,"11":15,"12":1,"13":6,"14":2,"15":19,"16":19,"17":5,"18":1,"19":6},"f":{"0":34,"1":10,"2":108,"3":15,"4":1,"5":6,"6":2,"7":19,"8":1},"b":{"0":[1],"1":[5]}}
,"C:\\Rag-Experiements\\src\\backend\\retriever.ts": {"path":"C:\\Rag-Experiements\\src\\backend\\retriever.ts","statementMap":{"0":{"start":{"line":16,"column":8},"end":{"line":16,"column":45}},"1":{"start":{"line":17,"column":8},"end":{"line":17,"column":41}},"2":{"start":{"line":18,"column":8},"end":{"line":18,"column":29}},"3":{"start":{"line":22,"column":8},"end":{"line":35,"column":null}},"4":{"start":{"line":23,"column":27},"end":{"line":23,"column":69}},"5":{"start":{"line":24,"column":12},"end":{"line":27,"column":null}},"6":{"start":{"line":25,"column":16},"end":{"line":25,"column":70}},"7":{"start":{"line":26,"column":16},"end":{"line":26,"column":30}},"8":{"start":{"line":28,"column":25},"end":{"line":28,"column":76}},"9":{"start":{"line":29,"column":12},"end":{"line":29,"column":61}},"10":{"start":{"line":30,"column":12},"end":{"line":30,"column":24}},"11":{"start":{"line":32,"column":12},"end":{"line":32,"column":101}},"12":{"start":{"line":34,"column":12},"end":{"line":34,"column":22}},"13":{"start":{"line":10,"column":0},"end":{"line":10,"column":13}}},"fnMap":{"0":{"name":"(anonymous_0)","decl":{"start":{"line":15,"column":4},"end":{"line":15,"column":16}},"loc":{"start":{"line":15,"column":97},"end":{"line":19,"column":5}}},"1":{"name":"(anonymous_1)","decl":{"start":{"line":21,"column":4},"end":{"line":21,"column":9}},"loc":{"start":{"line":21,"column":54},"end":{"line":36,"column":5}}}},"branchMap":{"0":{"loc":{"start":{"line":24,"column":12},"end":{"line":27,"column":null}},"type":"if","locations":[{"start":{"line":24,"column":12},"end":{"line":27,"column":null}}]},"1":{"loc":{"start":{"line":32,"column":75},"end":{"line":32,"column":97}},"type":"binary-expr","locations":[{"start":{"line":32,"column":75},"end":{"line":32,"column":88}},{"start":{"line":32,"column":92},"end":{"line":32,"column":97}}]}},"s":{"0":18,"1":18,"2":18,"3":10,"4":10,"5":10,"6":2,"7":2,"8":8,"9":6,"10":6,"11":2,"12":2,"13":5},"f":{"0":18,"1":10},"b":{"0":[2],"1":[2,0]}}
,"C:\\Rag-Experiements\\src\\backend\\guardrails\\inputGuardrail.ts": {"path":"C:\\Rag-Experiements\\src\\backend\\guardrails\\inputGuardrail.ts","statementMap":{"0":{"start":{"line":10,"column":12},"end":{"line":10,"column":29}},"1":{"start":{"line":11,"column":12},"end":{"line":11,"column":38}},"2":{"start":{"line":12,"column":12},"end":{"line":12,"column":55}},"3":{"start":{"line":15,"column":8},"end":{"line":15,"column":29}},"4":{"start":{"line":19,"column":8},"end":{"line":21,"column":null}},"5":{"start":{"line":20,"column":12},"end":{"line":20,"column":60}},"6":{"start":{"line":22,"column":8},"end":{"line":24,"column":null}},"7":{"start":{"line":23,"column":12},"end":{"line":23,"column":63}},"8":{"start":{"line":25,"column":8},"end":{"line":27,"column":null}},"9":{"start":{"line":26,"column":12},"end":{"line":26,"column":68}},"10":{"start":{"line":28,"column":8},"end":{"line":30,"column":null}},"11":{"start":{"line":29,"column":12},"end":{"line":29,"column":70}},"12":{"start":{"line":31,"column":8},"end":{"line":31,"column":33}},"13":{"start":{"line":35,"column":8},"end":{"line":35,"column":124}},"14":{"start":{"line":39,"column":20},"end":{"line":39,"column":30}},"15":{"start":{"line":40,"column":25},"end":{"line":40,"column":31}},"16":{"start":{"line":41,"column":24},"end":{"line":41,"column":54}},"17":{"start":{"line":42,"column":23},"end":{"line":42,"column":64}},"18":{"start":{"line":42,"column":44},"end":{"line":42,"column":63}},"19":{"start":{"line":43,"column":8},"end":{"line":45,"column":null}},"20":{"start":{"line":44,"column":12},"end":{"line":44,"column":25}},"21":{"start":{"line":46,"column":8},"end":{"line":46,"column":25}},"22":{"start":{"line":47,"column":8},"end":{"line":47,"column":41}},"23":{"start":{"line":48,"column":8},"end":{"line":48,"column":20}},"24":{"start":{"line":52,"column":25},"end":{"line":57,"column":10}},"25":{"start":{"line":58,"column":8},"end":{"line":58,"column":48}},"26":{"start":{"line":58,"column":34},"end":{"line":58,"column":46}},"27":{"start":{"line":8,"column":0},"end":{"line":8,"column":13}}},"fnMap":{"0":{"name":"(anonymous_0)","decl":{"start":{"line":14,"column":4},"end":{"line":14,"column":16}},"loc":{"start":{"line":14,"column":37},"end":{"line":16,"column":5}}},"1":{"name":"(anonymous_1)","decl":{"start":{"line":18,"column":4},"end":{"line":18,"column":12}},"loc":{"start":{"line":18,"column":46},"end":{"line":32,"column":5}}},"2":{"name":"(anonymous_2)","decl":{"start":{"line":34,"column":4},"end":{"line":34,"column":12}},"loc":{"start":{"line":34,"column":26},"end":{"line":36,"column":5}}},"3":{"name":"(anonymous_3)","decl":{"start":{"line":38,"column":12},"end":{"line":38,"column":26}},"loc":{"start":{"line":38,"column":41},"end":{"line":49,"column":5}}},"4":{"name":"(anonymous_4)","decl":{"start":{"line":42,"column":38},"end":{"line":42,"column":40}},"loc":{"start":{"line":42,"column":44},"end":{"line":42,"column":63}}},"5":{"name":"(anonymous_5)","decl":{"start":{"line":51,"column":12},"end":{"line":51,"column":26}},"loc":{"start":{"line":51,"column":39},"end":{"line":59,"column":5}}},"6":{"name":"(anonymous_6)","decl":{"start":{"line":58,"column":29},"end":{"line":58,"column":30}},"loc":{"start":{"line":58,"column":34},"end":{"line":58,"column":46}}}},"branchMap":{"0":{"loc":{"start":{"line":18,"column":28},"end":{"line":18,"column":46}},"type":"default-arg","locations":[{"start":{"line":18,"column":37},"end":{"line":18,"column":46}}]},"1":{"loc":{"start":{"line":19,"column":8},"end":{"line":21,"column":null}},"type":"if","locations":[{"start":{"line":19,"column":8},"end":{"line":21,"column":null}}]},"2":{"loc":{"start":{"line":19,"column":12},"end":{"line":19,"column":47}},"type":"binary-expr","locations":[{"start":{"line":19,"column":12},"end":{"line":19,"column":18}},{"start":{"line":19,"column":22},"end":{"line":19,"column":47}}]},"3":{"loc":{"start":{"line":22,"column":8},"end":{"line":24,"column":null}},"type":"if","locations":[{"start":{"line":22,"column":8},"end":{"line":24,"column":null}}]},"4":{"loc":{"start":{"line":25,"column":8},"end":{"line":27,"column":null}},"type":"if","locations":[{"start":{"line":25,"column":8},"end":{"line":27,"column":null}}]},"5":{"loc":{"start":{"line":28,"column":8},"end":{"line":30,"column":null}},"type":"if","locations":[{"start":{"line":28,"column":8},"end":{"line":30,"column":null}}]},"6":{"loc":{"start":{"line":41,"column":24},"end":{"line":41,"column":54}},"type":"binary-expr","locations":[{"start":{"line":41,"column":24},"end":{"line":41,"column":48}},{"start":{"line":41,"column":52},"end":{"line":41,"column":54}}]},"7":{"loc":{"start":{"line":43,"column":8},"end":{"line":45,"column":null}},"type":"if","locations":[{"start":{"line":43,"column":8},"end":{"line":45,"column":null}}]}},"s":{"0":29,"1":29,"2":29,"3":29,"4":13,"5":3,"6":10,"7":2,"8":8,"9":1,"10":7,"11":4,"12":3,"13":5,"14":16,"15":16,"16":16,"17":16,"18":6,"19":16,"20":3,"21":13,"22":13,"23":13,"24":7,"25":7,"26":22,"27":5},"f":{"0":29,"1":13,"2":5,"3":16,"4":6,"5":7,"6":22},"b":{"0":[12],"1":[3],"2":[13,11],"3":[2],"4":[1],"5":[4],"6":[16,11],"7":[3]}}
,"C:\\Rag-Experiements\\src\\backend\\guardrails\\outputGuardrail.ts": {"path":"C:\\Rag-Experiements\\src\\backend\\guardrails\\outputGuardrail.ts","statementMap":{"0":{"start":{"line":12,"column":12},"end":{"line":12,"column":31}},"1":{"start":{"line":13,"column":12},"end":{"line":22,"column":6}},"2":{"start":{"line":23,"column":12},"end":{"line":30,"column":6}},"3":{"start":{"line":33,"column":8},"end":{"line":33,"column":29}},"4":{"start":{"line":37,"column":8},"end":{"line":39,"column":null}},"5":{"start":{"line":38,"column":12},"end":{"line":38,"column":61}},"6":{"start":{"line":40,"column":8},"end":{"line":42,"column":null}},"7":{"start":{"line":41,"column":12},"end":{"line":41,"column":89}},"8":{"start":{"line":45,"column":26},"end":{"line":45,"column":58}},"9":{"start":{"line":46,"column":8},"end":{"line":49,"column":null}},"10":{"start":{"line":47,"column":12},"end":{"line":47,"column":72}},"11":{"start":{"line":48,"column":12},"end":{"line":48,"column":97}},"12":{"start":{"line":52,"column":29},"end":{"line":52,"column":61}},"13":{"start":{"line":53,"column":8},"end":{"line":57,"column":null}},"14":{"start":{"line":54,"column":12},"end":{"line":54,"column":86}},"15":{"start":{"line":55,"column":29},"end":{"line":55,"column":59}},"16":{"start":{"line":56,"column":12},"end":{"line":56,"column":61}},"17":{"start":{"line":59,"column":8},"end":{"line":59,"column":33}},"18":{"start":{"line":63,"column":23},"end":{"line":63,"column":27}},"19":{"start":{"line":66,"column":8},"end":{"line":66,"column":112}},"20":{"start":{"line":69,"column":8},"end":{"line":69,"column":102}},"21":{"start":{"line":72,"column":8},"end":{"line":72,"column":80}},"22":{"start":{"line":75,"column":8},"end":{"line":75,"column":90}},"23":{"start":{"line":77,"column":8},"end":{"line":77,"column":24}},"24":{"start":{"line":81,"column":8},"end":{"line":81,"column":74}},"25":{"start":{"line":81,"column":54},"end":{"line":81,"column":72}},"26":{"start":{"line":85,"column":8},"end":{"line":85,"column":71}},"27":{"start":{"line":85,"column":51},"end":{"line":85,"column":69}},"28":{"start":{"line":93,"column":8},"end":{"line":93,"column":48}},"29":{"start":{"line":10,"column":0},"end":{"line":10,"column":13}}},"fnMap":{"0":{"name":"(anonymous_0)","decl":{"start":{"line":32,"column":4},"end":{"line":32,"column":16}},"loc":{"start":{"line":32,"column":37},"end":{"line":34,"column":5}}},"1":{"name":"(anonymous_1)","decl":{"start":{"line":36,"column":4},"end":{"line":36,"column":12}},"loc":{"start":{"line":36,"column":25},"end":{"line":60,"column":5}}},"2":{"name":"(anonymous_2)","decl":{"start":{"line":62,"column":4},"end":{"line":62,"column":23}},"loc":{"start":{"line":62,"column":36},"end":{"line":78,"column":5}}},"3":{"name":"(anonymous_3)","decl":{"start":{"line":80,"column":12},"end":{"line":80,"column":33}},"loc":{"start":{"line":80,"column":46},"end":{"line":82,"column":5}}},"4":{"name":"(anonymous_4)","decl":{"start":{"line":81,"column":43},"end":{"line":81,"column":50}},"loc":{"start":{"line":81,"column":54},"end":{"line":81,"column":72}}},"5":{"name":"(anonymous_5)","decl":{"start":{"line":84,"column":12},"end":{"line":84,"column":33}},"loc":{"start":{"line":84,"column":46},"end":{"line":86,"column":5}}},"6":{"name":"(anonymous_6)","decl":{"start":{"line":85,"column":40},"end":{"line":85,"column":47}},"loc":{"start":{"line":85,"column":51},"end":{"line":85,"column":69}}},"7":{"name":"(anonymous_7)","decl":{"start":{"line":92,"column":4},"end":{"line":92,"column":20}},"loc":{"start":{"line":92,"column":39},"end":{"line":94,"column":5}}}},"branchMap":{"0":{"loc":{"start":{"line":37,"column":8},"end":{"line":39,"column":null}},"type":"if","locations":[{"start":{"line":37,"column":8},"end":{"line":39,"column":null}}]},"1":{"loc":{"start":{"line":40,"column":8},"end":{"line":42,"column":null}},"type":"if","locations":[{"start":{"line":40,"column":8},"end":{"line":42,"column":null}}]},"2":{"loc":{"start":{"line":46,"column":8},"end":{"line":49,"column":null}},"type":"if","locations":[{"start":{"line":46,"column":8},"end":{"line":49,"column":null}}]},"3":{"loc":{"start":{"line":53,"column":8},"end":{"line":57,"column":null}},"type":"if","locations":[{"start":{"line":53,"column":8},"end":{"line":57,"column":null}}]}},"s":{"0":16,"1":16,"2":16,"3":16,"4":12,"5":2,"6":10,"7":2,"8":8,"9":8,"10":3,"11":3,"12":5,"13":5,"14":3,"15":3,"16":3,"17":2,"18":3,"19":3,"20":3,"21":3,"22":3,"23":3,"24":5,"25":11,"26":8,"27":33,"28":3,"29":6},"f":{"0":16,"1":12,"2":3,"3":5,"4":11,"5":8,"6":33,"7":3},"b":{"0":[2],"1":[2],"2":[3],"3":[3]}}
,"C:\\Rag-Experiements\\src\\backend\\modelGateway\\generator.ts": {"path":"C:\\Rag-Experiements\\src\\backend\\modelGateway\\generator.ts","statementMap":{"0":{"start":{"line":1,"column":0},"end":{"line":1,"column":33}},"1":{"start":{"line":3,"column":0},"end":{"line":3,"column":71}},"2":{"start":{"line":22,"column":12},"end":{"line":22,"column":53}},"3":{"start":{"line":25,"column":23},"end":{"line":25,"column":68}},"4":{"start":{"line":26,"column":8},"end":{"line":26,"column":29}},"5":{"start":{"line":27,"column":8},"end":{"line":27,"column":83}},"6":{"start":{"line":28,"column":8},"end":{"line":28,"column":62}},"7":{"start":{"line":29,"column":8},"end":{"line":29,"column":79}},"8":{"start":{"line":31,"column":8},"end":{"line":34,"column":null}},"9":{"start":{"line":32,"column":12},"end":{"line":32,"column":51}},"10":{"start":{"line":33,"column":12},"end":{"line":33,"column":86}},"11":{"start":{"line":39,"column":29},"end":{"line":39,"column":39}},"12":{"start":{"line":40,"column":8},"end":{"line":40,"column":408}},"13":{"start":{"line":43,"column":27},"end":{"line":43,"column":54}},"14":{"start":{"line":45,"column":8},"end":{"line":152,"column":null}},"15":{"start":{"line":46,"column":12},"end":{"line":151,"column":null}},"16":{"start":{"line":48,"column":41},"end":{"line":48,"column":51}},"17":{"start":{"line":49,"column":16},"end":{"line":49,"column":330}},"18":{"start":{"line":52,"column":34},"end":{"line":52,"column":71}},"19":{"start":{"line":54,"column":16},"end":{"line":54,"column":374}},"20":{"start":{"line":56,"column":16},"end":{"line":59,"column":null}},"21":{"start":{"line":57,"column":20},"end":{"line":57,"column":115}},"22":{"start":{"line":58,"column":20},"end":{"line":58,"column":66}},"23":{"start":{"line":62,"column":50},"end":{"line":78,"column":18}},"24":{"start":{"line":81,"column":16},"end":{"line":90,"column":null}},"25":{"start":{"line":82,"column":20},"end":{"line":89,"column":null}},"26":{"start":{"line":83,"column":24},"end":{"line":88,"column":null}},"27":{"start":{"line":84,"column":28},"end":{"line":87,"column":31}},"28":{"start":{"line":93,"column":16},"end":{"line":110,"column":19}},"29":{"start":{"line":113,"column":16},"end":{"line":127,"column":null}},"30":{"start":{"line":114,"column":42},"end":{"line":114,"column":68}},"31":{"start":{"line":115,"column":20},"end":{"line":115,"column":60}},"32":{"start":{"line":116,"column":20},"end":{"line":126,"column":null}},"33":{"start":{"line":117,"column":41},"end":{"line":117,"column":83}},"34":{"start":{"line":118,"column":24},"end":{"line":122,"column":26}},"35":{"start":{"line":125,"column":24},"end":{"line":125,"column":67}},"36":{"start":{"line":130,"column":39},"end":{"line":130,"column":49}},"37":{"start":{"line":131,"column":16},"end":{"line":131,"column":362}},"38":{"start":{"line":134,"column":33},"end":{"line":134,"column":75}},"39":{"start":{"line":136,"column":16},"end":{"line":136,"column":397}},"40":{"start":{"line":139,"column":16},"end":{"line":143,"column":18}},"41":{"start":{"line":146,"column":16},"end":{"line":146,"column":373}},"42":{"start":{"line":148,"column":16},"end":{"line":148,"column":84}},"43":{"start":{"line":149,"column":16},"end":{"line":149,"column":80}},"44":{"start":{"line":150,"column":16},"end":{"line":150,"column":74}},"45":{"start":{"line":155,"column":8},"end":{"line":155,"column":66}},"46":{"start":{"line":160,"column":28},"end":{"line":160,"column":38}},"47":{"start":{"line":161,"column":8},"end":{"line":161,"column":388}},"48":{"start":{"line":163,"column":27},"end":{"line":163,"column":54}},"49":{"start":{"line":166,"column":33},"end":{"line":166,"column":43}},"50":{"start":{"line":167,"column":8},"end":{"line":167,"column":323}},"51":{"start":{"line":169,"column":24},"end":{"line":169,"column":58}},"52":{"start":{"line":171,"column":8},"end":{"line":171,"column":365}},"53":{"start":{"line":173,"column":8},"end":{"line":176,"column":null}},"54":{"start":{"line":174,"column":12},"end":{"line":174,"column":96}},"55":{"start":{"line":175,"column":12},"end":{"line":175,"column":50}},"56":{"start":{"line":179,"column":8},"end":{"line":265,"column":null}},"57":{"start":{"line":181,"column":31},"end":{"line":181,"column":41}},"58":{"start":{"line":182,"column":12},"end":{"line":182,"column":379}},"59":{"start":{"line":185,"column":31},"end":{"line":185,"column":52}},"60":{"start":{"line":186,"column":30},"end":{"line":186,"column":73}},"61":{"start":{"line":186,"column":47},"end":{"line":186,"column":65}},"62":{"start":{"line":187,"column":12},"end":{"line":259,"column":null}},"63":{"start":{"line":188,"column":29},"end":{"line":231,"column":18}},"64":{"start":{"line":232,"column":16},"end":{"line":232,"column":40}},"65":{"start":{"line":234,"column":33},"end":{"line":234,"column":43}},"66":{"start":{"line":235,"column":16},"end":{"line":235,"column":390}},"67":{"start":{"line":237,"column":16},"end":{"line":252,"column":null}},"68":{"start":{"line":238,"column":33},"end":{"line":238,"column":50}},"69":{"start":{"line":239,"column":36},"end":{"line":239,"column":64}},"70":{"start":{"line":241,"column":20},"end":{"line":241,"column":397}},"71":{"start":{"line":243,"column":20},"end":{"line":249,"column":null}},"72":{"start":{"line":244,"column":24},"end":{"line":248,"column":26}},"73":{"start":{"line":251,"column":20},"end":{"line":251,"column":101}},"74":{"start":{"line":254,"column":16},"end":{"line":254,"column":40}},"75":{"start":{"line":255,"column":16},"end":{"line":257,"column":null}},"76":{"start":{"line":256,"column":20},"end":{"line":256,"column":138}},"77":{"start":{"line":258,"column":16},"end":{"line":258,"column":31}},"78":{"start":{"line":262,"column":12},"end":{"line":262,"column":374}},"79":{"start":{"line":264,"column":12},"end":{"line":264,"column":77}},"80":{"start":{"line":268,"column":8},"end":{"line":268,"column":46}},"81":{"start":{"line":272,"column":27},"end":{"line":272,"column":48}},"82":{"start":{"line":273,"column":22},"end":{"line":273,"column":69}},"83":{"start":{"line":273,"column":39},"end":{"line":273,"column":57}},"84":{"start":{"line":274,"column":8},"end":{"line":281,"column":null}},"85":{"start":{"line":275,"column":25},"end":{"line":275,"column":112}},"86":{"start":{"line":276,"column":12},"end":{"line":276,"column":27}},"87":{"start":{"line":278,"column":12},"end":{"line":278,"column":25}},"88":{"start":{"line":280,"column":12},"end":{"line":280,"column":32}},"89":{"start":{"line":285,"column":25},"end":{"line":290,"column":20}},"90":{"start":{"line":291,"column":8},"end":{"line":295,"column":10}},"91":{"start":{"line":17,"column":0},"end":{"line":17,"column":13}}},"fnMap":{"0":{"name":"(anonymous_6)","decl":{"start":{"line":24,"column":4},"end":{"line":24,"column":16}},"loc":{"start":{"line":24,"column":37},"end":{"line":35,"column":5}}},"1":{"name":"(anonymous_7)","decl":{"start":{"line":37,"column":4},"end":{"line":37,"column":9}},"loc":{"start":{"line":37,"column":69},"end":{"line":156,"column":5}}},"2":{"name":"(anonymous_8)","decl":{"start":{"line":40,"column":400},"end":{"line":40,"column":402}},"loc":{"start":{"line":40,"column":404},"end":{"line":40,"column":406}}},"3":{"name":"(anonymous_9)","decl":{"start":{"line":49,"column":322},"end":{"line":49,"column":324}},"loc":{"start":{"line":49,"column":326},"end":{"line":49,"column":328}}},"4":{"name":"(anonymous_10)","decl":{"start":{"line":54,"column":366},"end":{"line":54,"column":368}},"loc":{"start":{"line":54,"column":370},"end":{"line":54,"column":372}}},"5":{"name":"(anonymous_11)","decl":{"start":{"line":131,"column":354},"end":{"line":131,"column":356}},"loc":{"start":{"line":131,"column":358},"end":{"line":131,"column":360}}},"6":{"name":"(anonymous_12)","decl":{"start":{"line":136,"column":389},"end":{"line":136,"column":391}},"loc":{"start":{"line":136,"column":393},"end":{"line":136,"column":395}}},"7":{"name":"(anonymous_13)","decl":{"start":{"line":146,"column":365},"end":{"line":146,"column":367}},"loc":{"start":{"line":146,"column":369},"end":{"line":146,"column":371}}},"8":{"name":"(anonymous_14)","decl":{"start":{"line":158,"column":12},"end":{"line":158,"column":17}},"loc":{"start":{"line":158,"column":87},"end":{"line":269,"column":5}}},"9":{"name":"(anonymous_15)","decl":{"start":{"line":161,"column":380},"end":{"line":161,"column":382}},"loc":{"start":{"line":161,"column":384},"end":{"line":161,"column":386}}},"10":{"name":"(anonymous_16)","decl":{"start":{"line":167,"column":315},"end":{"line":167,"column":317}},"loc":{"start":{"line":167,"column":319},"end":{"line":167,"column":321}}},"11":{"name":"(anonymous_17)","decl":{"start":{"line":171,"column":357},"end":{"line":171,"column":359}},"loc":{"start":{"line":171,"column":361},"end":{"line":171,"column":363}}},"12":{"name":"(anonymous_18)","decl":{"start":{"line":182,"column":371},"end":{"line":182,"column":373}},"loc":{"start":{"line":182,"column":375},"end":{"line":182,"column":377}}},"13":{"name":"(anonymous_19)","decl":{"start":{"line":186,"column":41},"end":{"line":186,"column":44}},"loc":{"start":{"line":186,"column":47},"end":{"line":186,"column":65}}},"14":{"name":"(anonymous_20)","decl":{"start":{"line":235,"column":382},"end":{"line":235,"column":384}},"loc":{"start":{"line":235,"column":386},"end":{"line":235,"column":388}}},"15":{"name":"(anonymous_21)","decl":{"start":{"line":241,"column":389},"end":{"line":241,"column":391}},"loc":{"start":{"line":241,"column":393},"end":{"line":241,"column":395}}},"16":{"name":"(anonymous_22)","decl":{"start":{"line":262,"column":366},"end":{"line":262,"column":368}},"loc":{"start":{"line":262,"column":370},"end":{"line":262,"column":372}}},"17":{"name":"(anonymous_23)","decl":{"start":{"line":271,"column":12},"end":{"line":271,"column":17}},"loc":{"start":{"line":271,"column":53},"end":{"line":282,"column":5}}},"18":{"name":"(anonymous_24)","decl":{"start":{"line":273,"column":33},"end":{"line":273,"column":36}},"loc":{"start":{"line":273,"column":39},"end":{"line":273,"column":57}}},"19":{"name":"(anonymous_25)","decl":{"start":{"line":284,"column":12},"end":{"line":284,"column":28}},"loc":{"start":{"line":284,"column":55},"end":{"line":296,"column":5}}}},"branchMap":{"0":{"loc":{"start":{"line":31,"column":8},"end":{"line":34,"column":null}},"type":"if","locations":[{"start":{"line":31,"column":8},"end":{"line":34,"column":null}}]},"1":{"loc":{"start":{"line":40,"column":273},"end":{"line":40,"column":294}},"type":"binary-expr","locations":[{"start":{"line":40,"column":273},"end":{"line":40,"column":286}},{"start":{"line":40,"column":288},"end":{"line":40,"column":294}}]},"2":{"loc":{"start":{"line":43,"column":27},"end":{"line":43,"column":54}},"type":"binary-expr","locations":[{"start":{"line":43,"column":27},"end":{"line":43,"column":40}},{"start":{"line":43,"column":44},"end":{"line":43,"column":54}}]},"3":{"loc":{"start":{"line":45,"column":8},"end":{"line":152,"column":null}},"type":"if","locations":[{"start":{"line":45,"column":8},"end":{"line":152,"column":null}}]},"4":{"loc":{"start":{"line":45,"column":12},"end":{"line":45,"column":54}},"type":"binary-expr","locations":[{"start":{"line":45,"column":12},"end":{"line":45,"column":33}},{"start":{"line":45,"column":37},"end":{"line":45,"column":54}}]},"5":{"loc":{"start":{"line":56,"column":16},"end":{"line":59,"column":null}},"type":"if","locations":[{"start":{"line":56,"column":16},"end":{"line":59,"column":null}}]},"6":{"loc":{"start":{"line":81,"column":16},"end":{"line":90,"column":null}},"type":"if","locations":[{"start":{"line":81,"column":16},"end":{"line":90,"column":null}}]},"7":{"loc":{"start":{"line":81,"column":20},"end":{"line":81,"column":73}},"type":"binary-expr","locations":[{"start":{"line":81,"column":20},"end":{"line":81,"column":39}},{"start":{"line":81,"column":43},"end":{"line":81,"column":73}}]},"8":{"loc":{"start":{"line":83,"column":24},"end":{"line":88,"column":null}},"type":"if","locations":[{"start":{"line":83,"column":24},"end":{"line":88,"column":null}}]},"9":{"loc":{"start":{"line":83,"column":28},"end":{"line":83,"column":75}},"type":"binary-expr","locations":[{"start":{"line":83,"column":28},"end":{"line":83,"column":47}},{"start":{"line":83,"column":51},"end":{"line":83,"column":75}}]},"10":{"loc":{"start":{"line":113,"column":16},"end":{"line":127,"column":null}},"type":"if","locations":[{"start":{"line":113,"column":16},"end":{"line":127,"column":null}}]},"11":{"loc":{"start":{"line":113,"column":20},"end":{"line":113,"column":66}},"type":"binary-expr","locations":[{"start":{"line":113,"column":20},"end":{"line":113,"column":45}},{"start":{"line":113,"column":49},"end":{"line":113,"column":66}}]},"12":{"loc":{"start":{"line":141,"column":27},"end":{"line":141,"column":73}},"type":"binary-expr","locations":[{"start":{"line":141,"column":27},"end":{"line":141,"column":53}},{"start":{"line":141,"column":57},"end":{"line":141,"column":73}}]},"13":{"loc":{"start":{"line":148,"column":62},"end":{"line":148,"column":80}},"type":"binary-expr","locations":[{"start":{"line":148,"column":62},"end":{"line":148,"column":73}},{"start":{"line":148,"column":77},"end":{"line":148,"column":80}}]},"14":{"loc":{"start":{"line":161,"column":270},"end":{"line":161,"column":291}},"type":"binary-expr","locations":[{"start":{"line":161,"column":270},"end":{"line":161,"column":283}},{"start":{"line":161,"column":285},"end":{"line":161,"column":291}}]},"15":{"loc":{"start":{"line":163,"column":27},"end":{"line":163,"column":54}},"type":"binary-expr","locations":[{"start":{"line":163,"column":27},"end":{"line":163,"column":40}},{"start":{"line":163,"column":44},"end":{"line":163,"column":54}}]},"16":{"loc":{"start":{"line":173,"column":8},"end":{"line":176,"column":null}},"type":"if","locations":[{"start":{"line":173,"column":8},"end":{"line":176,"column":null}}]},"17":{"loc":{"start":{"line":237,"column":16},"end":{"line":252,"column":null}},"type":"if","locations":[{"start":{"line":237,"column":16},"end":{"line":252,"column":null}},{"start":{"line":250,"column":23},"end":{"line":252,"column":null}}]},"18":{"loc":{"start":{"line":239,"column":36},"end":{"line":239,"column":64}},"type":"binary-expr","locations":[{"start":{"line":239,"column":36},"end":{"line":239,"column":58}},{"start":{"line":239,"column":62},"end":{"line":239,"column":64}}]},"19":{"loc":{"start":{"line":243,"column":20},"end":{"line":249,"column":null}},"type":"if","locations":[{"start":{"line":243,"column":20},"end":{"line":249,"column":null}}]},"20":{"loc":{"start":{"line":247,"column":42},"end":{"line":247,"column":71}},"type":"cond-expr","locations":[{"start":{"line":247,"column":54},"end":{"line":247,"column":60}},{"start":{"line":247,"column":63},"end":{"line":247,"column":71}}]},"21":{"loc":{"start":{"line":255,"column":16},"end":{"line":257,"column":null}},"type":"if","locations":[{"start":{"line":255,"column":16},"end":{"line":257,"column":null}}]},"22":{"loc":{"start":{"line":264,"column":55},"end":{"line":264,"column":73}},"type":"binary-expr","locations":[{"start":{"line":264,"column":55},"end":{"line":264,"column":66}},{"start":{"line":264,"column":70},"end":{"line":264,"column":73}}]}},"s":{"0":7,"1":7,"2":42,"3":42,"4":42,"5":42,"6":42,"7":42,"8":42,"9":0,"10":0,"11":6,"12":6,"13":6,"14":6,"15":5,"16":5,"17":5,"18":5,"19":5,"20":5,"21":1,"22":1,"23":4,"24":4,"25":1,"26":2,"27":2,"28":4,"29":4,"30":1,"31":1,"32":1,"33":1,"34":1,"35":1,"36":3,"37":3,"38":3,"39":2,"40":2,"41":1,"42":1,"43":1,"44":1,"45":1,"46":6,"47":6,"48":6,"49":6,"50":6,"51":6,"52":6,"53":6,"54":1,"55":1,"56":5,"57":5,"58":5,"59":5,"60":5,"61":0,"62":5,"63":5,"64":3,"65":3,"66":3,"67":3,"68":2,"69":2,"70":2,"71":2,"72":1,"73":1,"74":2,"75":2,"76":1,"77":1,"78":2,"79":2,"80":4,"81":4,"82":4,"83":0,"84":4,"85":4,"86":2,"87":2,"88":4,"89":2,"90":2,"91":7},"f":{"0":42,"1":6,"2":0,"3":0,"4":0,"5":0,"6":0,"7":0,"8":6,"9":2,"10":2,"11":2,"12":2,"13":0,"14":0,"15":0,"16":2,"17":4,"18":0,"19":2},"b":{"0":[0],"1":[6,5],"2":[6,5],"3":[5],"4":[6,5],"5":[1],"6":[1],"7":[4,1],"8":[2],"9":[2,1],"10":[1],"11":[4,1],"12":[2,0],"13":[1,0],"14":[6,6],"15":[6,6],"16":[1],"17":[2,1],"18":[2,1],"19":[1],"20":[1,0],"21":[1],"22":[2,0]}}
,"C:\\Rag-Experiements\\src\\backend\\modelGateway\\modelGateway.ts": {"path":"C:\\Rag-Experiements\\src\\backend\\modelGateway\\modelGateway.ts","statementMap":{"0":{"start":{"line":1,"column":0},"end":{"line":1,"column":33}},"1":{"start":{"line":2,"column":0},"end":{"line":2,"column":34}},"2":{"start":{"line":3,"column":0},"end":{"line":3,"column":59}},"3":{"start":{"line":4,"column":0},"end":{"line":4,"column":34}},"4":{"start":{"line":30,"column":23},"end":{"line":30,"column":68}},"5":{"start":{"line":31,"column":8},"end":{"line":31,"column":35}},"6":{"start":{"line":32,"column":8},"end":{"line":32,"column":47}},"7":{"start":{"line":33,"column":8},"end":{"line":33,"column":35}},"8":{"start":{"line":34,"column":8},"end":{"line":34,"column":29}},"9":{"start":{"line":37,"column":8},"end":{"line":37,"column":67}},"10":{"start":{"line":38,"column":8},"end":{"line":38,"column":69}},"11":{"start":{"line":39,"column":8},"end":{"line":39,"column":72}},"12":{"start":{"line":42,"column":32},"end":{"line":42,"column":83}},"13":{"start":{"line":43,"column":37},"end":{"line":43,"column":90}},"14":{"start":{"line":44,"column":8},"end":{"line":48,"column":10}},"15":{"start":{"line":52,"column":20},"end":{"line":52,"column":30}},"16":{"start":{"line":54,"column":8},"end":{"line":56,"column":10}},"17":{"start":{"line":55,"column":25},"end":{"line":55,"column":68}},"18":{"start":{"line":58,"column":8},"end":{"line":60,"column":null}},"19":{"start":{"line":59,"column":12},"end":{"line":59,"column":25}},"20":{"start":{"line":62,"column":8},"end":{"line":62,"column":44}},"21":{"start":{"line":63,"column":8},"end":{"line":63,"column":20}},"22":{"start":{"line":67,"column":8},"end":{"line":67,"column":63}},"23":{"start":{"line":67,"column":38},"end":{"line":67,"column":61}},"24":{"start":{"line":71,"column":8},"end":{"line":76,"column":11}},"25":{"start":{"line":74,"column":16},"end":{"line":74,"column":106}},"26":{"start":{"line":74,"column":33},"end":{"line":74,"column":94}},"27":{"start":{"line":81,"column":8},"end":{"line":81,"column":409}},"28":{"start":{"line":84,"column":8},"end":{"line":88,"column":null}},"29":{"start":{"line":85,"column":26},"end":{"line":85,"column":145}},"30":{"start":{"line":86,"column":12},"end":{"line":86,"column":40}},"31":{"start":{"line":87,"column":12},"end":{"line":87,"column":35}},"32":{"start":{"line":91,"column":27},"end":{"line":93,"column":75}},"33":{"start":{"line":96,"column":30},"end":{"line":96,"column":66}},"34":{"start":{"line":97,"column":22},"end":{"line":97,"column":60}},"35":{"start":{"line":98,"column":8},"end":{"line":98,"column":98}},"36":{"start":{"line":100,"column":38},"end":{"line":100,"column":42}},"37":{"start":{"line":103,"column":8},"end":{"line":148,"column":null}},"38":{"start":{"line":103,"column":27},"end":{"line":103,"column":28}},"39":{"start":{"line":104,"column":31},"end":{"line":104,"column":41}},"40":{"start":{"line":105,"column":12},"end":{"line":147,"column":null}},"41":{"start":{"line":106,"column":16},"end":{"line":111,"column":null}},"42":{"start":{"line":107,"column":34},"end":{"line":107,"column":76}},"43":{"start":{"line":108,"column":20},"end":{"line":108,"column":110}},"44":{"start":{"line":109,"column":20},"end":{"line":109,"column":44}},"45":{"start":{"line":110,"column":20},"end":{"line":110,"column":46}},"46":{"start":{"line":114,"column":16},"end":{"line":114,"column":389}},"47":{"start":{"line":117,"column":34},"end":{"line":119,"column":null}},"48":{"start":{"line":122,"column":35},"end":{"line":122,"column":45}},"49":{"start":{"line":123,"column":16},"end":{"line":123,"column":430}},"50":{"start":{"line":126,"column":30},"end":{"line":126,"column":84}},"51":{"start":{"line":128,"column":16},"end":{"line":128,"column":87}},"52":{"start":{"line":130,"column":16},"end":{"line":134,"column":18}},"53":{"start":{"line":137,"column":35},"end":{"line":137,"column":45}},"54":{"start":{"line":138,"column":16},"end":{"line":138,"column":447}},"55":{"start":{"line":140,"column":16},"end":{"line":140,"column":34}},"56":{"start":{"line":141,"column":16},"end":{"line":141,"column":101}},"57":{"start":{"line":144,"column":16},"end":{"line":146,"column":null}},"58":{"start":{"line":145,"column":20},"end":{"line":145,"column":32}},"59":{"start":{"line":151,"column":8},"end":{"line":151,"column":88}},"60":{"start":{"line":152,"column":8},"end":{"line":152,"column":76}},"61":{"start":{"line":19,"column":0},"end":{"line":19,"column":13}}},"fnMap":{"0":{"name":"(anonymous_6)","decl":{"start":{"line":29,"column":4},"end":{"line":29,"column":16}},"loc":{"start":{"line":29,"column":37},"end":{"line":49,"column":5}}},"1":{"name":"(anonymous_7)","decl":{"start":{"line":51,"column":12},"end":{"line":51,"column":26}},"loc":{"start":{"line":51,"column":26},"end":{"line":64,"column":5}}},"2":{"name":"(anonymous_8)","decl":{"start":{"line":55,"column":12},"end":{"line":55,"column":21}},"loc":{"start":{"line":55,"column":25},"end":{"line":55,"column":68}}},"3":{"name":"(anonymous_9)","decl":{"start":{"line":66,"column":12},"end":{"line":66,"column":17}},"loc":{"start":{"line":66,"column":34},"end":{"line":68,"column":5}}},"4":{"name":"(anonymous_10)","decl":{"start":{"line":67,"column":27},"end":{"line":67,"column":34}},"loc":{"start":{"line":67,"column":38},"end":{"line":67,"column":61}}},"5":{"name":"(anonymous_11)","decl":{"start":{"line":70,"column":12},"end":{"line":70,"column":17}},"loc":{"start":{"line":70,"column":71},"end":{"line":77,"column":5}}},"6":{"name":"(anonymous_12)","decl":{"start":{"line":73,"column":27},"end":{"line":73,"column":28}},"loc":{"start":{"line":74,"column":16},"end":{"line":74,"column":106}}},"7":{"name":"(anonymous_13)","decl":{"start":{"line":74,"column":27},"end":{"line":74,"column":30}},"loc":{"start":{"line":74,"column":33},"end":{"line":74,"column":94}}},"8":{"name":"(anonymous_14)","decl":{"start":{"line":79,"column":4},"end":{"line":79,"column":9}},"loc":{"start":{"line":79,"column":44},"end":{"line":153,"column":5}}},"9":{"name":"(anonymous_15)","decl":{"start":{"line":81,"column":401},"end":{"line":81,"column":403}},"loc":{"start":{"line":81,"column":405},"end":{"line":81,"column":407}}},"10":{"name":"(anonymous_16)","decl":{"start":{"line":114,"column":381},"end":{"line":114,"column":383}},"loc":{"start":{"line":114,"column":385},"end":{"line":114,"column":387}}},"11":{"name":"(anonymous_17)","decl":{"start":{"line":123,"column":422},"end":{"line":123,"column":424}},"loc":{"start":{"line":123,"column":426},"end":{"line":123,"column":428}}},"12":{"name":"(anonymous_18)","decl":{"start":{"line":138,"column":439},"end":{"line":138,"column":441}},"loc":{"start":{"line":138,"column":443},"end":{"line":138,"column":445}}}},"branchMap":{"0":{"loc":{"start":{"line":58,"column":8},"end":{"line":60,"column":null}},"type":"if","locations":[{"start":{"line":58,"column":8},"end":{"line":60,"column":null}}]},"1":{"loc":{"start":{"line":84,"column":8},"end":{"line":88,"column":null}},"type":"if","locations":[{"start":{"line":84,"column":8},"end":{"line":88,"column":null}}]},"2":{"loc":{"start":{"line":91,"column":27},"end":{"line":93,"column":75}},"type":"binary-expr","locations":[{"start":{"line":91,"column":27},"end":{"line":91,"column":82}},{"start":{"line":92,"column":26},"end":{"line":92,"column":62}},{"start":{"line":93,"column":26},"end":{"line":93,"column":75}}]},"3":{"loc":{"start":{"line":96,"column":30},"end":{"line":96,"column":66}},"type":"cond-expr","locations":[{"start":{"line":96,"column":43},"end":{"line":96,"column":54}},{"start":{"line":96,"column":57},"end":{"line":96,"column":66}}]},"4":{"loc":{"start":{"line":98,"column":63},"end":{"line":98,"column":94}},"type":"cond-expr","locations":[{"start":{"line":98,"column":76},"end":{"line":98,"column":89}},{"start":{"line":98,"column":92},"end":{"line":98,"column":94}}]},"5":{"loc":{"start":{"line":106,"column":16},"end":{"line":111,"column":null}},"type":"if","locations":[{"start":{"line":106,"column":16},"end":{"line":111,"column":null}}]},"6":{"loc":{"start":{"line":144,"column":16},"end":{"line":146,"column":null}},"type":"if","locations":[{"start":{"line":144,"column":16},"end":{"line":146,"column":null}}]},"7":{"loc":{"start":{"line":144,"column":20},"end":{"line":144,"column":93}},"type":"binary-expr","locations":[{"start":{"line":144,"column":20},"end":{"line":144,"column":56}},{"start":{"line":144,"column":60},"end":{"line":144,"column":93}}]},"8":{"loc":{"start":{"line":152,"column":14},"end":{"line":152,"column":75}},"type":"binary-expr","locations":[{"start":{"line":152,"column":14},"end":{"line":152,"column":23}},{"start":{"line":152,"column":27},"end":{"line":152,"column":75}}]}},"s":{"0":6,"1":6,"2":6,"3":6,"4":23,"5":23,"6":23,"7":23,"8":23,"9":23,"10":23,"11":23,"12":23,"13":23,"14":23,"15":10,"16":10,"17":2,"18":10,"19":2,"20":8,"21":8,"22":2,"23":2,"24":1,"25":1,"26":1,"27":10,"28":10,"29":2,"30":2,"31":2,"32":8,"33":8,"34":8,"35":8,"36":8,"37":8,"38":8,"39":10,"40":10,"41":10,"42":2,"43":2,"44":2,"45":2,"46":10,"47":10,"48":4,"49":4,"50":4,"51":4,"52":4,"53":6,"54":6,"55":6,"56":6,"57":6,"58":2,"59":2,"60":2,"61":6},"f":{"0":23,"1":10,"2":2,"3":2,"4":2,"5":1,"6":1,"7":1,"8":10,"9":0,"10":0,"11":0,"12":0},"b":{"0":[2],"1":[2],"2":[8,8,8],"3":[0,8],"4":[0,8],"5":[2],"6":[2],"7":[6,5],"8":[2,0]}}
,"C:\\Rag-Experiements\\src\\backend\\modelGateway\\router.ts": {"path":"C:\\Rag-Experiements\\src\\backend\\modelGateway\\router.ts","statementMap":{"0":{"start":{"line":1,"column":0},"end":{"line":1,"column":33}},"1":{"start":{"line":10,"column":8},"end":{"line":12,"column":null}},"2":{"start":{"line":11,"column":12},"end":{"line":11,"column":44}},"3":{"start":{"line":14,"column":23},"end":{"line":14,"column":68}},"4":{"start":{"line":15,"column":22},"end":{"line":15,"column":62}},"5":{"start":{"line":16,"column":8},"end":{"line":16,"column":25}},"6":{"start":{"line":7,"column":0},"end":{"line":7,"column":13}}},"fnMap":{"0":{"name":"(anonymous_6)","decl":{"start":{"line":8,"column":4},"end":{"line":8,"column":15}},"loc":{"start":{"line":8,"column":38},"end":{"line":17,"column":5}}}},"branchMap":{"0":{"loc":{"start":{"line":10,"column":8},"end":{"line":12,"column":null}},"type":"if","locations":[{"start":{"line":10,"column":8},"end":{"line":12,"column":null}}]}},"s":{"0":7,"1":10,"2":1,"3":9,"4":9,"5":9,"6":7},"f":{"0":10},"b":{"0":[1]}}
,"C:\\Rag-Experiements\\src\\backend\\modelGateway\\scorer.ts": {"path":"C:\\Rag-Experiements\\src\\backend\\modelGateway\\scorer.ts","statementMap":{"0":{"start":{"line":3,"column":20},"end":{"line":3,"column":23}},"1":{"start":{"line":4,"column":8},"end":{"line":4,"column":59}},"2":{"start":{"line":4,"column":46},"end":{"line":4,"column":59}},"3":{"start":{"line":5,"column":25},"end":{"line":5,"column":58}},"4":{"start":{"line":6,"column":23},"end":{"line":6,"column":96}},"5":{"start":{"line":6,"column":42},"end":{"line":6,"column":95}},"6":{"start":{"line":7,"column":8},"end":{"line":7,"column":33}},"7":{"start":{"line":7,"column":20},"end":{"line":7,"column":33}},"8":{"start":{"line":8,"column":8},"end":{"line":8,"column":34}},"9":{"start":{"line":1,"column":0},"end":{"line":1,"column":13}}},"fnMap":{"0":{"name":"(anonymous_0)","decl":{"start":{"line":2,"column":4},"end":{"line":2,"column":9}},"loc":{"start":{"line":2,"column":43},"end":{"line":9,"column":5}}},"1":{"name":"(anonymous_1)","decl":{"start":{"line":6,"column":37},"end":{"line":6,"column":38}},"loc":{"start":{"line":6,"column":42},"end":{"line":6,"column":95}}}},"branchMap":{"0":{"loc":{"start":{"line":4,"column":8},"end":{"line":4,"column":59}},"type":"if","locations":[{"start":{"line":4,"column":8},"end":{"line":4,"column":59}}]},"1":{"loc":{"start":{"line":4,"column":12},"end":{"line":4,"column":44}},"type":"binary-expr","locations":[{"start":{"line":4,"column":12},"end":{"line":4,"column":20}},{"start":{"line":4,"column":24},"end":{"line":4,"column":44}}]},"2":{"loc":{"start":{"line":6,"column":42},"end":{"line":6,"column":95}},"type":"binary-expr","locations":[{"start":{"line":6,"column":42},"end":{"line":6,"column":43}},{"start":{"line":6,"column":47},"end":{"line":6,"column":95}}]},"3":{"loc":{"start":{"line":7,"column":8},"end":{"line":7,"column":33}},"type":"if","locations":[{"start":{"line":7,"column":8},"end":{"line":7,"column":33}}]}},"s":{"0":7,"1":7,"2":2,"3":7,"4":7,"5":7,"6":7,"7":3,"8":7,"9":7},"f":{"0":7,"1":7},"b":{"0":[2],"1":[7,6],"2":[7,6],"3":[3]}}
,"C:\\Rag-Experiements\\src\\backend\\rca\\errorDetector.ts": {"path":"C:\\Rag-Experiements\\src\\backend\\rca\\errorDetector.ts","statementMap":{"0":{"start":{"line":18,"column":12},"end":{"line":169,"column":6}},"1":{"start":{"line":173,"column":27},"end":{"line":173,"column":46}},"2":{"start":{"line":175,"column":8},"end":{"line":177,"column":null}},"3":{"start":{"line":176,"column":12},"end":{"line":176,"column":54}},"4":{"start":{"line":180,"column":8},"end":{"line":192,"column":null}},"5":{"start":{"line":181,"column":12},"end":{"line":191,"column":null}},"6":{"start":{"line":182,"column":16},"end":{"line":190,"column":null}},"7":{"start":{"line":183,"column":20},"end":{"line":189,"column":22}},"8":{"start":{"line":195,"column":37},"end":{"line":197,"column":10}},"9":{"start":{"line":198,"column":32},"end":{"line":198,"column":82}},"10":{"start":{"line":198,"column":63},"end":{"line":198,"column":81}},"11":{"start":{"line":200,"column":8},"end":{"line":210,"column":null}},"12":{"start":{"line":202,"column":33},"end":{"line":202,"column":82}},"13":{"start":{"line":203,"column":12},"end":{"line":209,"column":14}},"14":{"start":{"line":212,"column":8},"end":{"line":215,"column":10}},"15":{"start":{"line":219,"column":8},"end":{"line":219,"column":34}},"16":{"start":{"line":17,"column":0},"end":{"line":17,"column":13}}},"fnMap":{"0":{"name":"(anonymous_0)","decl":{"start":{"line":17,"column":0},"end":{"line":17,"column":13}},"loc":{"start":{"line":17,"column":0},"end":{"line":221,"column":1}}},"1":{"name":"(anonymous_1)","decl":{"start":{"line":171,"column":4},"end":{"line":171,"column":15}},"loc":{"start":{"line":171,"column":36},"end":{"line":216,"column":5}}},"2":{"name":"(anonymous_2)","decl":{"start":{"line":198,"column":58},"end":{"line":198,"column":59}},"loc":{"start":{"line":198,"column":63},"end":{"line":198,"column":81}}},"3":{"name":"(anonymous_3)","decl":{"start":{"line":218,"column":4},"end":{"line":218,"column":20}},"loc":{"start":{"line":218,"column":20},"end":{"line":220,"column":5}}}},"branchMap":{"0":{"loc":{"start":{"line":175,"column":8},"end":{"line":177,"column":null}},"type":"if","locations":[{"start":{"line":175,"column":8},"end":{"line":177,"column":null}}]},"1":{"loc":{"start":{"line":182,"column":16},"end":{"line":190,"column":null}},"type":"if","locations":[{"start":{"line":182,"column":16},"end":{"line":190,"column":null}}]},"2":{"loc":{"start":{"line":200,"column":8},"end":{"line":210,"column":null}},"type":"if","locations":[{"start":{"line":200,"column":8},"end":{"line":210,"column":null}}]}},"s":{"0":20,"1":16,"2":16,"3":2,"4":14,"5":71,"6":460,"7":8,"8":6,"9":6,"10":27,"11":6,"12":5,"13":5,"14":1,"15":2,"16":5},"f":{"0":20,"1":16,"2":27,"3":2},"b":{"0":[2],"1":[8],"2":[5]}}
,"C:\\Rag-Experiements\\src\\backend\\rca\\rcaContextBuilder.ts": {"path":"C:\\Rag-Experiements\\src\\backend\\rca\\rcaContextBuilder.ts","statementMap":{"0":{"start":{"line":2,"column":0},"end":{"line":2,"column":70}},"1":{"start":{"line":3,"column":0},"end":{"line":3,"column":66}},"2":{"start":{"line":11,"column":8},"end":{"line":11,"column":49}},"3":{"start":{"line":12,"column":8},"end":{"line":12,"column":47}},"4":{"start":{"line":21,"column":26},"end":{"line":21,"column":70}},"5":{"start":{"line":23,"column":22},"end":{"line":23,"column":63}},"6":{"start":{"line":24,"column":8},"end":{"line":24,"column":57}},"7":{"start":{"line":26,"column":8},"end":{"line":43,"column":null}},"8":{"start":{"line":27,"column":12},"end":{"line":27,"column":49}},"9":{"start":{"line":28,"column":12},"end":{"line":28,"column":59}},"10":{"start":{"line":29,"column":12},"end":{"line":29,"column":59}},"11":{"start":{"line":30,"column":12},"end":{"line":30,"column":85}},"12":{"start":{"line":32,"column":12},"end":{"line":32,"column":62}},"13":{"start":{"line":33,"column":12},"end":{"line":35,"column":15}},"14":{"start":{"line":34,"column":16},"end":{"line":34,"column":54}},"15":{"start":{"line":36,"column":12},"end":{"line":36,"column":46}},"16":{"start":{"line":37,"column":12},"end":{"line":39,"column":15}},"17":{"start":{"line":38,"column":16},"end":{"line":38,"column":52}},"18":{"start":{"line":40,"column":12},"end":{"line":40,"column":28}},"19":{"start":{"line":42,"column":12},"end":{"line":42,"column":74}},"20":{"start":{"line":46,"column":8},"end":{"line":108,"column":null}},"21":{"start":{"line":47,"column":12},"end":{"line":107,"column":null}},"22":{"start":{"line":48,"column":37},"end":{"line":48,"column":102}},"23":{"start":{"line":50,"column":16},"end":{"line":104,"column":null}},"24":{"start":{"line":51,"column":20},"end":{"line":51,"column":64}},"25":{"start":{"line":53,"column":20},"end":{"line":68,"column":null}},"26":{"start":{"line":54,"column":24},"end":{"line":54,"column":55}},"27":{"start":{"line":55,"column":24},"end":{"line":55,"column":80}},"28":{"start":{"line":56,"column":24},"end":{"line":58,"column":null}},"29":{"start":{"line":57,"column":28},"end":{"line":57,"column":84}},"30":{"start":{"line":59,"column":24},"end":{"line":61,"column":null}},"31":{"start":{"line":60,"column":28},"end":{"line":60,"column":88}},"32":{"start":{"line":62,"column":24},"end":{"line":62,"column":40}},"33":{"start":{"line":64,"column":24},"end":{"line":67,"column":null}},"34":{"start":{"line":65,"column":28},"end":{"line":65,"column":87}},"35":{"start":{"line":66,"column":28},"end":{"line":66,"column":74}},"36":{"start":{"line":70,"column":20},"end":{"line":76,"column":null}},"37":{"start":{"line":71,"column":24},"end":{"line":71,"column":52}},"38":{"start":{"line":72,"column":24},"end":{"line":74,"column":27}},"39":{"start":{"line":73,"column":28},"end":{"line":73,"column":65}},"40":{"start":{"line":75,"column":24},"end":{"line":75,"column":40}},"41":{"start":{"line":78,"column":20},"end":{"line":84,"column":null}},"42":{"start":{"line":79,"column":24},"end":{"line":79,"column":66}},"43":{"start":{"line":80,"column":24},"end":{"line":82,"column":27}},"44":{"start":{"line":81,"column":28},"end":{"line":81,"column":55}},"45":{"start":{"line":83,"column":24},"end":{"line":83,"column":40}},"46":{"start":{"line":86,"column":20},"end":{"line":95,"column":null}},"47":{"start":{"line":87,"column":24},"end":{"line":87,"column":53}},"48":{"start":{"line":88,"column":24},"end":{"line":90,"column":null}},"49":{"start":{"line":89,"column":28},"end":{"line":89,"column":131}},"50":{"start":{"line":91,"column":24},"end":{"line":93,"column":null}},"51":{"start":{"line":92,"column":28},"end":{"line":92,"column":138}},"52":{"start":{"line":94,"column":24},"end":{"line":94,"column":40}},"53":{"start":{"line":97,"column":20},"end":{"line":103,"column":null}},"54":{"start":{"line":98,"column":24},"end":{"line":98,"column":55}},"55":{"start":{"line":99,"column":24},"end":{"line":101,"column":27}},"56":{"start":{"line":100,"column":28},"end":{"line":100,"column":55}},"57":{"start":{"line":102,"column":24},"end":{"line":102,"column":40}},"58":{"start":{"line":111,"column":8},"end":{"line":120,"column":null}},"59":{"start":{"line":112,"column":12},"end":{"line":112,"column":85}},"60":{"start":{"line":113,"column":12},"end":{"line":119,"column":15}},"61":{"start":{"line":114,"column":16},"end":{"line":114,"column":90}},"62":{"start":{"line":115,"column":16},"end":{"line":117,"column":null}},"63":{"start":{"line":116,"column":20},"end":{"line":116,"column":64}},"64":{"start":{"line":118,"column":16},"end":{"line":118,"column":75}},"65":{"start":{"line":123,"column":8},"end":{"line":129,"column":null}},"66":{"start":{"line":124,"column":12},"end":{"line":124,"column":61}},"67":{"start":{"line":125,"column":12},"end":{"line":128,"column":15}},"68":{"start":{"line":126,"column":16},"end":{"line":126,"column":53}},"69":{"start":{"line":127,"column":16},"end":{"line":127,"column":66}},"70":{"start":{"line":131,"column":8},"end":{"line":131,"column":79}},"71":{"start":{"line":132,"column":8},"end":{"line":132,"column":88}},"72":{"start":{"line":133,"column":8},"end":{"line":133,"column":124}},"73":{"start":{"line":134,"column":8},"end":{"line":134,"column":124}},"74":{"start":{"line":135,"column":8},"end":{"line":135,"column":91}},"75":{"start":{"line":136,"column":8},"end":{"line":136,"column":122}},"76":{"start":{"line":137,"column":8},"end":{"line":137,"column":132}},"77":{"start":{"line":138,"column":8},"end":{"line":138,"column":97}},"78":{"start":{"line":139,"column":8},"end":{"line":139,"column":111}},"79":{"start":{"line":140,"column":8},"end":{"line":140,"column":115}},"80":{"start":{"line":142,"column":8},"end":{"line":142,"column":23}},"81":{"start":{"line":146,"column":8},"end":{"line":167,"column":21}},"82":{"start":{"line":6,"column":0},"end":{"line":6,"column":13}}},"fnMap":{"0":{"name":"(anonymous_0)","decl":{"start":{"line":10,"column":4},"end":{"line":10,"column":null}},"loc":{"start":{"line":10,"column":4},"end":{"line":13,"column":5}}},"1":{"name":"(anonymous_1)","decl":{"start":{"line":15,"column":4},"end":{"line":15,"column":9}},"loc":{"start":{"line":19,"column":33},"end":{"line":143,"column":5}}},"2":{"name":"(anonymous_2)","decl":{"start":{"line":33,"column":58},"end":{"line":33,"column":59}},"loc":{"start":{"line":33,"column":73},"end":{"line":35,"column":13}}},"3":{"name":"(anonymous_3)","decl":{"start":{"line":37,"column":60},"end":{"line":37,"column":61}},"loc":{"start":{"line":37,"column":73},"end":{"line":39,"column":13}}},"4":{"name":"(anonymous_4)","decl":{"start":{"line":72,"column":69},"end":{"line":72,"column":70}},"loc":{"start":{"line":72,"column":83},"end":{"line":74,"column":25}}},"5":{"name":"(anonymous_5)","decl":{"start":{"line":80,"column":57},"end":{"line":80,"column":61}},"loc":{"start":{"line":80,"column":64},"end":{"line":82,"column":25}}},"6":{"name":"(anonymous_6)","decl":{"start":{"line":99,"column":71},"end":{"line":99,"column":75}},"loc":{"start":{"line":99,"column":78},"end":{"line":101,"column":25}}},"7":{"name":"(anonymous_7)","decl":{"start":{"line":113,"column":40},"end":{"line":113,"column":41}},"loc":{"start":{"line":113,"column":53},"end":{"line":119,"column":13}}},"8":{"name":"(anonymous_8)","decl":{"start":{"line":125,"column":33},"end":{"line":125,"column":34}},"loc":{"start":{"line":125,"column":46},"end":{"line":128,"column":13}}},"9":{"name":"(anonymous_9)","decl":{"start":{"line":145,"column":4},"end":{"line":145,"column":18}},"loc":{"start":{"line":145,"column":39},"end":{"line":168,"column":5}}}},"branchMap":{"0":{"loc":{"start":{"line":26,"column":8},"end":{"line":43,"column":null}},"type":"if","locations":[{"start":{"line":26,"column":8},"end":{"line":43,"column":null}},{"start":{"line":41,"column":15},"end":{"line":43,"column":null}}]},"1":{"loc":{"start":{"line":26,"column":12},"end":{"line":26,"column":58}},"type":"binary-expr","locations":[{"start":{"line":26,"column":12},"end":{"line":26,"column":30}},{"start":{"line":26,"column":34},"end":{"line":26,"column":58}}]},"2":{"loc":{"start":{"line":46,"column":8},"end":{"line":108,"column":null}},"type":"if","locations":[{"start":{"line":46,"column":8},"end":{"line":108,"column":null}}]},"3":{"loc":{"start":{"line":50,"column":16},"end":{"line":104,"column":null}},"type":"if","locations":[{"start":{"line":50,"column":16},"end":{"line":104,"column":null}}]},"4":{"loc":{"start":{"line":50,"column":20},"end":{"line":50,"column":112}},"type":"binary-expr","locations":[{"start":{"line":50,"column":20},"end":{"line":50,"column":46}},{"start":{"line":50,"column":50},"end":{"line":50,"column":85}},{"start":{"line":50,"column":89},"end":{"line":50,"column":112}}]},"5":{"loc":{"start":{"line":53,"column":20},"end":{"line":68,"column":null}},"type":"if","locations":[{"start":{"line":53,"column":20},"end":{"line":68,"column":null}}]},"6":{"loc":{"start":{"line":56,"column":24},"end":{"line":58,"column":null}},"type":"if","locations":[{"start":{"line":56,"column":24},"end":{"line":58,"column":null}}]},"7":{"loc":{"start":{"line":59,"column":24},"end":{"line":61,"column":null}},"type":"if","locations":[{"start":{"line":59,"column":24},"end":{"line":61,"column":null}}]},"8":{"loc":{"start":{"line":64,"column":24},"end":{"line":67,"column":null}},"type":"if","locations":[{"start":{"line":64,"column":24},"end":{"line":67,"column":null}}]},"9":{"loc":{"start":{"line":70,"column":20},"end":{"line":76,"column":null}},"type":"if","locations":[{"start":{"line":70,"column":20},"end":{"line":76,"column":null}}]},"10":{"loc":{"start":{"line":70,"column":24},"end":{"line":70,"column":85}},"type":"binary-expr","locations":[{"start":{"line":70,"column":24},"end":{"line":70,"column":47}},{"start":{"line":70,"column":51},"end":{"line":70,"column":85}}]},"11":{"loc":{"start":{"line":78,"column":20},"end":{"line":84,"column":null}},"type":"if","locations":[{"start":{"line":78,"column":20},"end":{"line":84,"column":null}}]},"12":{"loc":{"start":{"line":86,"column":20},"end":{"line":95,"column":null}},"type":"if","locations":[{"start":{"line":86,"column":20},"end":{"line":95,"column":null}}]},"13":{"loc":{"start":{"line":86,"column":24},"end":{"line":86,"column":102}},"type":"binary-expr","locations":[{"start":{"line":86,"column":24},"end":{"line":86,"column":49}},{"start":{"line":86,"column":53},"end":{"line":86,"column":102}}]},"14":{"loc":{"start":{"line":88,"column":24},"end":{"line":90,"column":null}},"type":"if","locations":[{"start":{"line":88,"column":24},"end":{"line":90,"column":null}}]},"15":{"loc":{"start":{"line":89,"column":70},"end":{"line":89,"column":114}},"type":"binary-expr","locations":[{"start":{"line":89,"column":70},"end":{"line":89,"column":108}},{"start":{"line":89,"column":112},"end":{"line":89,"column":114}}]},"16":{"loc":{"start":{"line":91,"column":24},"end":{"line":93,"column":null}},"type":"if","locations":[{"start":{"line":91,"column":24},"end":{"line":93,"column":null}}]},"17":{"loc":{"start":{"line":92,"column":74},"end":{"line":92,"column":121}},"type":"binary-expr","locations":[{"start":{"line":92,"column":74},"end":{"line":92,"column":115}},{"start":{"line":92,"column":119},"end":{"line":92,"column":121}}]},"18":{"loc":{"start":{"line":97,"column":20},"end":{"line":103,"column":null}},"type":"if","locations":[{"start":{"line":97,"column":20},"end":{"line":103,"column":null}}]},"19":{"loc":{"start":{"line":111,"column":8},"end":{"line":120,"column":null}},"type":"if","locations":[{"start":{"line":111,"column":8},"end":{"line":120,"column":null}}]},"20":{"loc":{"start":{"line":114,"column":54},"end":{"line":114,"column":85}},"type":"binary-expr","locations":[{"start":{"line":114,"column":54},"end":{"line":114,"column":73}},{"start":{"line":114,"column":77},"end":{"line":114,"column":85}}]},"21":{"loc":{"start":{"line":115,"column":16},"end":{"line":117,"column":null}},"type":"if","locations":[{"start":{"line":115,"column":16},"end":{"line":117,"column":null}}]},"22":{"loc":{"start":{"line":123,"column":8},"end":{"line":129,"column":null}},"type":"if","locations":[{"start":{"line":123,"column":8},"end":{"line":129,"column":null}}]}},"s":{"0":4,"1":4,"2":3,"3":3,"4":2,"5":2,"6":2,"7":2,"8":1,"9":1,"10":1,"11":1,"12":1,"13":1,"14":1,"15":1,"16":1,"17":1,"18":1,"19":1,"20":2,"21":1,"22":1,"23":1,"24":1,"25":1,"26":1,"27":1,"28":1,"29":1,"30":1,"31":1,"32":1,"33":1,"34":1,"35":1,"36":1,"37":1,"38":1,"39":1,"40":1,"41":1,"42":1,"43":1,"44":1,"45":1,"46":1,"47":1,"48":1,"49":1,"50":1,"51":0,"52":1,"53":1,"54":1,"55":1,"56":1,"57":1,"58":2,"59":1,"60":1,"61":1,"62":1,"63":1,"64":1,"65":2,"66":1,"67":1,"68":1,"69":1,"70":2,"71":2,"72":2,"73":2,"74":2,"75":2,"76":2,"77":2,"78":2,"79":2,"80":2,"81":1,"82":4},"f":{"0":3,"1":2,"2":1,"3":1,"4":1,"5":1,"6":1,"7":1,"8":1,"9":1},"b":{"0":[1,1],"1":[2,1],"2":[1],"3":[1],"4":[1,0,0],"5":[1],"6":[1],"7":[1],"8":[1],"9":[1],"10":[1,1],"11":[1],"12":[1],"13":[1,1],"14":[1],"15":[1,0],"16":[0],"17":[0,0],"18":[1],"19":[1],"20":[1,0],"21":[1],"22":[1]}}
,"C:\\Rag-Experiements\\src\\backend\\rca\\repoAnalyzer.ts": {"path":"C:\\Rag-Experiements\\src\\backend\\rca\\repoAnalyzer.ts","statementMap":{"0":{"start":{"line":1,"column":0},"end":{"line":1,"column":33}},"1":{"start":{"line":15,"column":45},"end":{"line":20,"column":10}},"2":{"start":{"line":22,"column":8},"end":{"line":24,"column":null}},"3":{"start":{"line":23,"column":12},"end":{"line":23,"column":71}},"4":{"start":{"line":26,"column":8},"end":{"line":28,"column":null}},"5":{"start":{"line":27,"column":12},"end":{"line":27,"column":28}},"6":{"start":{"line":30,"column":8},"end":{"line":148,"column":null}},"7":{"start":{"line":33,"column":28},"end":{"line":33,"column":117}},"8":{"start":{"line":35,"column":12},"end":{"line":37,"column":null}},"9":{"start":{"line":36,"column":16},"end":{"line":36,"column":112}},"10":{"start":{"line":39,"column":12},"end":{"line":41,"column":null}},"11":{"start":{"line":40,"column":16},"end":{"line":40,"column":90}},"12":{"start":{"line":43,"column":12},"end":{"line":78,"column":null}},"13":{"start":{"line":44,"column":33},"end":{"line":44,"column":45}},"14":{"start":{"line":45,"column":32},"end":{"line":45,"column":70}},"15":{"start":{"line":46,"column":34},"end":{"line":46,"column":83}},"16":{"start":{"line":48,"column":16},"end":{"line":52,"column":18}},"17":{"start":{"line":53,"column":16},"end":{"line":53,"column":54}},"18":{"start":{"line":56,"column":16},"end":{"line":77,"column":null}},"19":{"start":{"line":57,"column":37},"end":{"line":57,"column":80}},"20":{"start":{"line":58,"column":36},"end":{"line":58,"column":80}},"21":{"start":{"line":59,"column":34},"end":{"line":59,"column":77}},"22":{"start":{"line":62,"column":20},"end":{"line":74,"column":null}},"23":{"start":{"line":63,"column":38},"end":{"line":63,"column":63}},"24":{"start":{"line":64,"column":36},"end":{"line":64,"column":72}},"25":{"start":{"line":65,"column":24},"end":{"line":71,"column":40}},"26":{"start":{"line":67,"column":51},"end":{"line":67,"column":66}},"27":{"start":{"line":68,"column":47},"end":{"line":68,"column":85}},"28":{"start":{"line":69,"column":32},"end":{"line":69,"column":74}},"29":{"start":{"line":73,"column":24},"end":{"line":73,"column":79}},"30":{"start":{"line":81,"column":31},"end":{"line":89,"column":14}},"31":{"start":{"line":82,"column":32},"end":{"line":82,"column":43}},"32":{"start":{"line":83,"column":16},"end":{"line":88,"column":18}},"33":{"start":{"line":90,"column":12},"end":{"line":92,"column":null}},"34":{"start":{"line":91,"column":16},"end":{"line":91,"column":49}},"35":{"start":{"line":95,"column":32},"end":{"line":106,"column":14}},"36":{"start":{"line":108,"column":12},"end":{"line":133,"column":null}},"37":{"start":{"line":109,"column":16},"end":{"line":132,"column":null}},"38":{"start":{"line":110,"column":39},"end":{"line":110,"column":84}},"39":{"start":{"line":111,"column":36},"end":{"line":111,"column":82}},"40":{"start":{"line":112,"column":39},"end":{"line":112,"column":70}},"41":{"start":{"line":114,"column":20},"end":{"line":114,"column":58}},"42":{"start":{"line":116,"column":20},"end":{"line":129,"column":null}},"43":{"start":{"line":117,"column":24},"end":{"line":121,"column":null}},"44":{"start":{"line":118,"column":28},"end":{"line":118,"column":75}},"45":{"start":{"line":122,"column":27},"end":{"line":129,"column":null}},"46":{"start":{"line":123,"column":24},"end":{"line":128,"column":null}},"47":{"start":{"line":124,"column":43},"end":{"line":124,"column":65}},"48":{"start":{"line":125,"column":28},"end":{"line":125,"column":71}},"49":{"start":{"line":136,"column":29},"end":{"line":136,"column":102}},"50":{"start":{"line":137,"column":12},"end":{"line":144,"column":null}},"51":{"start":{"line":138,"column":36},"end":{"line":138,"column":58}},"52":{"start":{"line":139,"column":16},"end":{"line":143,"column":19}},"53":{"start":{"line":140,"column":20},"end":{"line":142,"column":null}},"54":{"start":{"line":141,"column":24},"end":{"line":141,"column":58}},"55":{"start":{"line":150,"column":8},"end":{"line":150,"column":24}},"56":{"start":{"line":13,"column":0},"end":{"line":13,"column":13}}},"fnMap":{"0":{"name":"(anonymous_6)","decl":{"start":{"line":14,"column":4},"end":{"line":14,"column":9}},"loc":{"start":{"line":14,"column":71},"end":{"line":151,"column":5}}},"1":{"name":"(anonymous_7)","decl":{"start":{"line":66,"column":33},"end":{"line":66,"column":34}},"loc":{"start":{"line":66,"column":47},"end":{"line":70,"column":29}}},"2":{"name":"(anonymous_8)","decl":{"start":{"line":81,"column":63},"end":{"line":81,"column":67}},"loc":{"start":{"line":81,"column":70},"end":{"line":89,"column":13}}},"3":{"name":"(anonymous_9)","decl":{"start":{"line":139,"column":36},"end":{"line":139,"column":40}},"loc":{"start":{"line":139,"column":43},"end":{"line":143,"column":17}}}},"branchMap":{"0":{"loc":{"start":{"line":22,"column":8},"end":{"line":24,"column":null}},"type":"if","locations":[{"start":{"line":22,"column":8},"end":{"line":24,"column":null}}]},"1":{"loc":{"start":{"line":26,"column":8},"end":{"line":28,"column":null}},"type":"if","locations":[{"start":{"line":26,"column":8},"end":{"line":28,"column":null}}]},"2":{"loc":{"start":{"line":35,"column":12},"end":{"line":37,"column":null}},"type":"if","locations":[{"start":{"line":35,"column":12},"end":{"line":37,"column":null}}]},"3":{"loc":{"start":{"line":39,"column":12},"end":{"line":41,"column":null}},"type":"if","locations":[{"start":{"line":39,"column":12},"end":{"line":41,"column":null}}]},"4":{"loc":{"start":{"line":43,"column":12},"end":{"line":78,"column":null}},"type":"if","locations":[{"start":{"line":43,"column":12},"end":{"line":78,"column":null}}]},"5":{"loc":{"start":{"line":45,"column":41},"end":{"line":45,"column":69}},"type":"binary-expr","locations":[{"start":{"line":45,"column":41},"end":{"line":45,"column":53}},{"start":{"line":45,"column":57},"end":{"line":45,"column":69}}]},"6":{"loc":{"start":{"line":46,"column":34},"end":{"line":46,"column":83}},"type":"cond-expr","locations":[{"start":{"line":46,"column":49},"end":{"line":46,"column":71}},{"start":{"line":46,"column":74},"end":{"line":46,"column":83}}]},"7":{"loc":{"start":{"line":62,"column":20},"end":{"line":74,"column":null}},"type":"if","locations":[{"start":{"line":62,"column":20},"end":{"line":74,"column":null}}]},"8":{"loc":{"start":{"line":62,"column":24},"end":{"line":62,"column":73}},"type":"binary-expr","locations":[{"start":{"line":62,"column":24},"end":{"line":62,"column":31}},{"start":{"line":62,"column":35},"end":{"line":62,"column":46}},{"start":{"line":62,"column":50},"end":{"line":62,"column":73}}]},"9":{"loc":{"start":{"line":68,"column":47},"end":{"line":68,"column":85}},"type":"cond-expr","locations":[{"start":{"line":68,"column":72},"end":{"line":68,"column":77}},{"start":{"line":68,"column":80},"end":{"line":68,"column":85}}]},"10":{"loc":{"start":{"line":84,"column":20},"end":{"line":87,"column":51}},"type":"binary-expr","locations":[{"start":{"line":84,"column":20},"end":{"line":84,"column":45}},{"start":{"line":85,"column":20},"end":{"line":85,"column":45}},{"start":{"line":86,"column":20},"end":{"line":86,"column":81}},{"start":{"line":87,"column":20},"end":{"line":87,"column":51}}]},"11":{"loc":{"start":{"line":90,"column":12},"end":{"line":92,"column":null}},"type":"if","locations":[{"start":{"line":90,"column":12},"end":{"line":92,"column":null}}]},"12":{"loc":{"start":{"line":116,"column":20},"end":{"line":129,"column":null}},"type":"if","locations":[{"start":{"line":116,"column":20},"end":{"line":129,"column":null}},{"start":{"line":122,"column":27},"end":{"line":129,"column":null}}]},"13":{"loc":{"start":{"line":122,"column":27},"end":{"line":129,"column":null}},"type":"if","locations":[{"start":{"line":122,"column":27},"end":{"line":129,"column":null}}]},"14":{"loc":{"start":{"line":122,"column":31},"end":{"line":122,"column":95}},"type":"binary-expr","locations":[{"start":{"line":122,"column":31},"end":{"line":122,"column":61}},{"start":{"line":122,"column":65},"end":{"line":122,"column":95}}]},"15":{"loc":{"start":{"line":137,"column":12},"end":{"line":144,"column":null}},"type":"if","locations":[{"start":{"line":137,"column":12},"end":{"line":144,"column":null}}]},"16":{"loc":{"start":{"line":140,"column":20},"end":{"line":142,"column":null}},"type":"if","locations":[{"start":{"line":140,"column":20},"end":{"line":142,"column":null}}]}},"s":{"0":5,"1":2,"2":2,"3":1,"4":2,"5":1,"6":1,"7":1,"8":1,"9":0,"10":1,"11":0,"12":1,"13":1,"14":1,"15":1,"16":1,"17":1,"18":1,"19":1,"20":1,"21":1,"22":1,"23":1,"24":1,"25":1,"26":4,"27":4,"28":4,"29":1,"30":1,"31":3,"32":3,"33":1,"34":1,"35":1,"36":1,"37":10,"38":10,"39":10,"40":2,"41":2,"42":2,"43":1,"44":1,"45":1,"46":1,"47":1,"48":1,"49":1,"50":1,"51":1,"52":1,"53":2,"54":1,"55":1,"56":5},"f":{"0":2,"1":4,"2":3,"3":2},"b":{"0":[1],"1":[1],"2":[0],"3":[0],"4":[1],"5":[1,0],"6":[1,0],"7":[1],"8":[1,1,1],"9":[1,3],"10":[3,1,1,0],"11":[1],"12":[1,1],"13":[1],"14":[1,0],"15":[1],"16":[1]}}
,"C:\\Rag-Experiements\\src\\backend\\web\\webSearch.ts": {"path":"C:\\Rag-Experiements\\src\\backend\\web\\webSearch.ts","statementMap":{"0":{"start":{"line":1,"column":0},"end":{"line":1,"column":33}},"1":{"start":{"line":17,"column":8},"end":{"line":17,"column":34}},"2":{"start":{"line":18,"column":8},"end":{"line":18,"column":36}},"3":{"start":{"line":23,"column":29},"end":{"line":23,"column":72}},"4":{"start":{"line":24,"column":23},"end":{"line":24,"column":82}},"5":{"start":{"line":27,"column":31},"end":{"line":27,"column":75}},"6":{"start":{"line":28,"column":30},"end":{"line":28,"column":73}},"7":{"start":{"line":29,"column":39},"end":{"line":29,"column":84}},"8":{"start":{"line":32,"column":35},"end":{"line":32,"column":76}},"9":{"start":{"line":33,"column":34},"end":{"line":33,"column":53}},"10":{"start":{"line":36,"column":26},"end":{"line":36,"column":68}},"11":{"start":{"line":37,"column":25},"end":{"line":37,"column":66}},"12":{"start":{"line":39,"column":23},"end":{"line":39,"column":72}},"13":{"start":{"line":40,"column":22},"end":{"line":40,"column":68}},"14":{"start":{"line":41,"column":37},"end":{"line":41,"column":56}},"15":{"start":{"line":42,"column":24},"end":{"line":42,"column":70}},"16":{"start":{"line":45,"column":29},"end":{"line":45,"column":87}},"17":{"start":{"line":46,"column":28},"end":{"line":46,"column":84}},"18":{"start":{"line":47,"column":8},"end":{"line":47,"column":201}},"19":{"start":{"line":49,"column":8},"end":{"line":49,"column":64}},"20":{"start":{"line":53,"column":8},"end":{"line":53,"column":40}},"21":{"start":{"line":57,"column":8},"end":{"line":57,"column":53}},"22":{"start":{"line":62,"column":23},"end":{"line":62,"column":39}},"23":{"start":{"line":63,"column":8},"end":{"line":63,"column":123}},"24":{"start":{"line":64,"column":8},"end":{"line":64,"column":221}},"25":{"start":{"line":65,"column":8},"end":{"line":65,"column":124}},"26":{"start":{"line":68,"column":8},"end":{"line":72,"column":null}},"27":{"start":{"line":69,"column":12},"end":{"line":69,"column":148}},"28":{"start":{"line":70,"column":12},"end":{"line":70,"column":209}},"29":{"start":{"line":71,"column":12},"end":{"line":71,"column":22}},"30":{"start":{"line":75,"column":8},"end":{"line":78,"column":null}},"31":{"start":{"line":76,"column":12},"end":{"line":76,"column":118}},"32":{"start":{"line":77,"column":12},"end":{"line":77,"column":22}},"33":{"start":{"line":80,"column":8},"end":{"line":80,"column":122}},"34":{"start":{"line":82,"column":23},"end":{"line":82,"column":52}},"35":{"start":{"line":83,"column":8},"end":{"line":86,"column":null}},"36":{"start":{"line":84,"column":12},"end":{"line":84,"column":49}},"37":{"start":{"line":85,"column":12},"end":{"line":85,"column":26}},"38":{"start":{"line":88,"column":8},"end":{"line":137,"column":null}},"39":{"start":{"line":89,"column":12},"end":{"line":89,"column":92}},"40":{"start":{"line":90,"column":12},"end":{"line":90,"column":176}},"41":{"start":{"line":91,"column":24},"end":{"line":91,"column":205}},"42":{"start":{"line":92,"column":12},"end":{"line":92,"column":188}},"43":{"start":{"line":94,"column":29},"end":{"line":94,"column":45}},"44":{"start":{"line":95,"column":12},"end":{"line":95,"column":106}},"45":{"start":{"line":97,"column":12},"end":{"line":101,"column":null}},"46":{"start":{"line":98,"column":34},"end":{"line":98,"column":71}},"47":{"start":{"line":98,"column":68},"end":{"line":98,"column":70}},"48":{"start":{"line":99,"column":16},"end":{"line":99,"column":103}},"49":{"start":{"line":100,"column":16},"end":{"line":100,"column":150}},"50":{"start":{"line":103,"column":25},"end":{"line":103,"column":46}},"51":{"start":{"line":104,"column":12},"end":{"line":104,"column":92}},"52":{"start":{"line":105,"column":12},"end":{"line":105,"column":94}},"53":{"start":{"line":107,"column":46},"end":{"line":107,"column":62}},"54":{"start":{"line":108,"column":12},"end":{"line":108,"column":91}},"55":{"start":{"line":110,"column":12},"end":{"line":114,"column":null}},"56":{"start":{"line":111,"column":16},"end":{"line":111,"column":114}},"57":{"start":{"line":112,"column":16},"end":{"line":112,"column":110}},"58":{"start":{"line":113,"column":16},"end":{"line":113,"column":26}},"59":{"start":{"line":116,"column":43},"end":{"line":125,"column":14}},"60":{"start":{"line":117,"column":28},"end":{"line":122,"column":18}},"61":{"start":{"line":123,"column":16},"end":{"line":123,"column":132}},"62":{"start":{"line":124,"column":16},"end":{"line":124,"column":27}},"63":{"start":{"line":127,"column":12},"end":{"line":127,"column":48}},"64":{"start":{"line":128,"column":12},"end":{"line":128,"column":113}},"65":{"start":{"line":129,"column":12},"end":{"line":129,"column":24}},"66":{"start":{"line":131,"column":12},"end":{"line":131,"column":89}},"67":{"start":{"line":132,"column":12},"end":{"line":132,"column":98}},"68":{"start":{"line":133,"column":12},"end":{"line":135,"column":null}},"69":{"start":{"line":134,"column":16},"end":{"line":134,"column":96}},"70":{"start":{"line":136,"column":12},"end":{"line":136,"column":22}},"71":{"start":{"line":12,"column":0},"end":{"line":12,"column":13}}},"fnMap":{"0":{"name":"(anonymous_6)","decl":{"start":{"line":16,"column":4},"end":{"line":16,"column":16}},"loc":{"start":{"line":16,"column":72},"end":{"line":19,"column":5}}},"1":{"name":"(anonymous_7)","decl":{"start":{"line":21,"column":12},"end":{"line":21,"column":21}},"loc":{"start":{"line":21,"column":21},"end":{"line":50,"column":5}}},"2":{"name":"(anonymous_8)","decl":{"start":{"line":52,"column":4},"end":{"line":52,"column":13}},"loc":{"start":{"line":52,"column":13},"end":{"line":54,"column":5}}},"3":{"name":"(anonymous_9)","decl":{"start":{"line":56,"column":4},"end":{"line":56,"column":18}},"loc":{"start":{"line":56,"column":18},"end":{"line":58,"column":5}}},"4":{"name":"(anonymous_10)","decl":{"start":{"line":60,"column":4},"end":{"line":60,"column":9}},"loc":{"start":{"line":60,"column":74},"end":{"line":138,"column":5}}},"5":{"name":"(anonymous_11)","decl":{"start":{"line":98,"column":62},"end":{"line":98,"column":65}},"loc":{"start":{"line":98,"column":68},"end":{"line":98,"column":70}}},"6":{"name":"(anonymous_12)","decl":{"start":{"line":116,"column":68},"end":{"line":116,"column":69}},"loc":{"start":{"line":116,"column":82},"end":{"line":125,"column":13}}}},"branchMap":{"0":{"loc":{"start":{"line":27,"column":31},"end":{"line":27,"column":75}},"type":"binary-expr","locations":[{"start":{"line":27,"column":31},"end":{"line":27,"column":69}},{"start":{"line":27,"column":73},"end":{"line":27,"column":75}}]},"1":{"loc":{"start":{"line":28,"column":30},"end":{"lin
[...]
{"line":1317,"column":19},"end":{"line":1319,"column":null}}]},"117":{"loc":{"start":{"line":1302,"column":20},"end":{"line":1310,"column":null}},"type":"if","locations":[{"start":{"line":1302,"column":20},"end":{"line":1310,"column":null}},{"start":{"line":1308,"column":27},"end":{"line":1310,"column":null}}]},"118":{"loc":{"start":{"line":1306,"column":90},"end":{"line":1306,"column":123}},"type":"binary-expr","locations":[{"start":{"line":1306,"column":90},"end":{"line":1306,"column":109}},{"start":{"line":1306,"column":113},"end":{"line":1306,"column":123}}]},"119":{"loc":{"start":{"line":1306,"column":129},"end":{"line":1306,"column":160}},"type":"binary-expr","locations":[{"start":{"line":1306,"column":129},"end":{"line":1306,"column":147}},{"start":{"line":1306,"column":151},"end":{"line":1306,"column":160}}]},"120":{"loc":{"start":{"line":1312,"column":81},"end":{"line":1312,"column":103}},"type":"binary-expr","locations":[{"start":{"line":1312,"column":81},"end":{"line":1312,"column":94}},{"start":{"line":1312,"column":98},"end":{"line":1312,"column":103}}]},"121":{"loc":{"start":{"line":1313,"column":76},"end":{"line":1313,"column":107}},"type":"binary-expr","locations":[{"start":{"line":1313,"column":76},"end":{"line":1313,"column":87}},{"start":{"line":1313,"column":91},"end":{"line":1313,"column":107}}]},"122":{"loc":{"start":{"line":1314,"column":60},"end":{"line":1314,"column":92}},"type":"binary-expr","locations":[{"start":{"line":1314,"column":60},"end":{"line":1314,"column":73}},{"start":{"line":1314,"column":77},"end":{"line":1314,"column":92}}]},"123":{"loc":{"start":{"line":1329,"column":12},"end":{"line":1331,"column":null}},"type":"if","locations":[{"start":{"line":1329,"column":12},"end":{"line":1331,"column":null}}]},"124":{"loc":{"start":{"line":1360,"column":12},"end":{"line":1388,"column":null}},"type":"if","locations":[{"start":{"line":1360,"column":12},"end":{"line":1388,"column":null}},{"start":{"line":1384,"column":19},"end":{"line":1388,"column":null}}]},"125":{"loc":{"start":{"line":1361,"column":16},"end":{"line":1383,"column":null}},"type":"if","locations":[{"start":{"line":1361,"column":16},"end":{"line":1383,"column":null}},{"start":{"line":1379,"column":23},"end":{"line":1383,"column":null}}]},"126":{"loc":{"start":{"line":1372,"column":20},"end":{"line":1376,"column":null}},"type":"if","locations":[{"start":{"line":1372,"column":20},"end":{"line":1376,"column":null}}]},"127":{"loc":{"start":{"line":1375,"column":40},"end":{"line":1375,"column":100}},"type":"binary-expr","locations":[{"start":{"line":1375,"column":40},"end":{"line":1375,"column":61}},{"start":{"line":1375,"column":65},"end":{"line":1375,"column":100}}]},"128":{"loc":{"start":{"line":1377,"column":36},"end":{"line":1377,"column":94}},"type":"binary-expr","locations":[{"start":{"line":1377,"column":36},"end":{"line":1377,"column":64}},{"start":{"line":1377,"column":68},"end":{"line":1377,"column":94}}]},"129":{"loc":{"start":{"line":1380,"column":71},"end":{"line":1380,"column":101}},"type":"binary-expr","locations":[{"start":{"line":1380,"column":71},"end":{"line":1380,"column":88}},{"start":{"line":1380,"column":92},"end":{"line":1380,"column":101}}]},"130":{"loc":{"start":{"line":1382,"column":36},"end":{"line":1382,"column":73}},"type":"binary-expr","locations":[{"start":{"line":1382,"column":36},"end":{"line":1382,"column":53}},{"start":{"line":1382,"column":57},"end":{"line":1382,"column":73}}]},"131":{"loc":{"start":{"line":1384,"column":19},"end":{"line":1388,"column":null}},"type":"if","locations":[{"start":{"line":1384,"column":19},"end":{"line":1388,"column":null}}]},"132":{"loc":{"start":{"line":1397,"column":107},"end":{"line":1397,"column":144}},"type":"cond-expr","locations":[{"start":{"line":1397,"column":118},"end":{"line":1397,"column":139}},{"start":{"line":1397,"column":142},"end":{"line":1397,"column":144}}]},"133":{"loc":{"start":{"line":1402,"column":16},"end":{"line":1403,"column":76}},"type":"binary-expr","locations":[{"start":{"line":1402,"column":16},"end":{"line":1402,"column":160}},{"start":{"line":1403,"column":16},"end":{"line":1403,"column":76}}]},"134":{"loc":{"start":{"line":1408,"column":12},"end":{"line":1410,"column":null}},"type":"if","locations":[{"start":{"line":1408,"column":12},"end":{"line":1410,"column":null}}]},"135":{"loc":{"start":{"line":1408,"column":16},"end":{"line":1408,"column":113}},"type":"binary-expr","locations":[{"start":{"line":1408,"column":17},"end":{"line":1408,"column":37}},{"start":{"line":1408,"column":41},"end":{"line":1408,"column":75}},{"start":{"line":1408,"column":80},"end":{"line":1408,"column":113}}]},"136":{"loc":{"start":{"line":1409,"column":31},"end":{"line":1409,"column":86}},"type":"binary-expr","locations":[{"start":{"line":1409,"column":31},"end":{"line":1409,"column":50}},{"start":{"line":1409,"column":54},"end":{"line":1409,"column":86}}]},"137":{"loc":{"start":{"line":1417,"column":33},"end":{"line":1419,"column":66}},"type":"cond-expr","locations":[{"start":{"line":1418,"column":18},"end":{"line":1418,"column":82}},{"start":{"line":1419,"column":18},"end":{"line":1419,"column":66}}]},"138":{"loc":{"start":{"line":1441,"column":33},"end":{"line":1441,"column":69}},"type":"binary-expr","locations":[{"start":{"line":1441,"column":33},"end":{"line":1441,"column":46}},{"start":{"line":1441,"column":50},"end":{"line":1441,"column":69}}]},"139":{"loc":{"start":{"line":1476,"column":25},"end":{"line":1476,"column":64}},"type":"binary-expr","locations":[{"start":{"line":1476,"column":25},"end":{"line":1476,"column":38}},{"start":{"line":1476,"column":42},"end":{"line":1476,"column":64}}]},"140":{"loc":{"start":{"line":1500,"column":80},"end":{"line":1500,"column":105}},"type":"binary-expr","locations":[{"start":{"line":1500,"column":80},"end":{"line":1500,"column":100}},{"start":{"line":1500,"column":104},"end":{"line":1500,"column":105}}]},"141":{"loc":{"start":{"line":1500,"column":119},"end":{"line":1500,"column":139}},"type":"binary-expr","locations":[{"start":{"line":1500,"column":119},"end":{"line":1500,"column":134}},{"start":{"line":1500,"column":138},"end":{"line":1500,"column":139}}]},"142":{"loc":{"start":{"line":1504,"column":8},"end":{"line":1511,"column":null}},"type":"if","locations":[{"start":{"line":1504,"column":8},"end":{"line":1511,"column":null}}]},"143":{"loc":{"start":{"line":1504,"column":12},"end":{"line":1504,"column":51}},"type":"binary-expr","locations":[{"start":{"line":1504,"column":12},"end":{"line":1504,"column":24}},{"start":{"line":1504,"column":28},"end":{"line":1504,"column":51}}]},"144":{"loc":{"start":{"line":1507,"column":30},"end":{"line":1507,"column":116}},"type":"binary-expr","locations":[{"start":{"line":1507,"column":30},"end":{"line":1507,"column":49}},{"start":{"line":1507,"column":53},"end":{"line":1507,"column":82}},{"start":{"line":1507,"column":86},"end":{"line":1507,"column":116}}]},"145":{"loc":{"start":{"line":1514,"column":8},"end":{"line":1521,"column":null}},"type":"if","locations":[{"start":{"line":1514,"column":8},"end":{"line":1521,"column":null}}]},"146":{"loc":{"start":{"line":1514,"column":12},"end":{"line":1514,"column":41}},"type":"binary-expr","locations":[{"start":{"line":1514,"column":12},"end":{"line":1514,"column":19}},{"start":{"line":1514,"column":23},"end":{"line":1514,"column":41}}]},"147":{"loc":{"start":{"line":1517,"column":30},"end":{"line":1517,"column":131}},"type":"binary-expr","locations":[{"start":{"line":1517,"column":30},"end":{"line":1517,"column":49}},{"start":{"line":1517,"column":53},"end":{"line":1517,"column":71}},{"start":{"line":1517,"column":75},"end":{"line":1517,"column":104}},{"start":{"line":1517,"column":108},"end":{"line":1517,"column":131}}]},"148":{"loc":{"start":{"line":1519,"column":102},"end":{"line":1519,"column":133}},"type":"binary-expr","locations":[{"start":{"line":1519,"column":102},"end":{"line":1519,"column":120}},{"start":{"line":1519,"column":124},"end":{"line":1519,"column":133}}]},"149":{"loc":{"start":{"line":1524,"column":8},"end":{"line":1528,"column":null}},"type":"if","locations":[{"start":{"line":1524,"column":8},"end":{"line":1528,"column":null}},{"start":{"line":1526,"column":15},"end":{"line":1528,"column":null}}]},"150":{"loc":{"start":{"line":1525,"column":90},"end":{"line":1525,"column":115}},"type":"binary-expr","locations":[{"start":{"line":1525,"column":90},"end":{"line":1525,"column":110}},{"start":{"line":1525,"column":114},"end":{"line":1525,"column":115}}]},"151":{"loc":{"start":{"line":1525,"column":125},"end":{"line":1525,"column":145}},"type":"binary-expr","locations":[{"start":{"line":1525,"column":125},"end":{"line":1525,"column":140}},{"start":{"line":1525,"column":144},"end":{"line":1525,"column":145}}]},"152":{"loc":{"start":{"line":1527,"column":106},"end":{"line":1527,"column":131}},"type":"binary-expr","locations":[{"start":{"line":1527,"column":106},"end":{"line":1527,"column":126}},{"start":{"line":1527,"column":130},"end":{"line":1527,"column":131}}]},"153":{"loc":{"start":{"line":1527,"column":141},"end":{"line":1527,"column":161}},"type":"binary-expr","locations":[{"start":{"line":1527,"column":141},"end":{"line":1527,"column":156}},{"start":{"line":1527,"column":160},"end":{"line":1527,"column":161}}]},"154":{"loc":{"start":{"line":1554,"column":8},"end":{"line":1556,"column":null}},"type":"if","locations":[{"start":{"line":1554,"column":8},"end":{"line":1556,"column":null}}]},"155":{"loc":{"start":{"line":1557,"column":8},"end":{"line":1559,"column":null}},"type":"if","locations":[{"start":{"line":1557,"column":8},"end":{"line":1559,"column":null}}]},"156":{"loc":{"start":{"line":1563,"column":23},"end":{"line":1563,"column":107}},"type":"binary-expr","locations":[{"start":{"line":1563,"column":23},"end":{"line":1563,"column":59}},{"start":{"line":1563,"column":63},"end":{"line":1563,"column":107}}]},"157":{"loc":{"start":{"line":1564,"column":15},"end":{"line":1564,"column":40}},"type":"cond-expr","locations":[{"start":{"line":1564,"column":24},"end":{"line":1564,"column":30}},{"start":{"line":1564,"column":33},"end":{"line":1564,"column":40}}]}},"s":{"0":3,"1":3,"2":3,"3":3,"4":3,"5":3,"6":3,"7":3,"8":3,"9":3,"10":3,"11":3,"12":3,"13":2,"14":2,"15":2,"16":2,"17":2,"18":2,"19":2,"20":2,"21":8,"22":8,"23":0,"24":8,"25":8,"26":0,"27":8,"28":8,"29":0,"30":8,"31":46,"32":4,"33":4,"34":8,"35":0,"36":4,"37":2,"38":2,"39":0,"40":0,"41":2,"42":12,"43":0,"44":2,"45":0,"46":2,"47":0,"48":2,"49":0,"50":0,"51":2,"52":0,"53":2,"54":0,"55":2,"56":0,"57":2,"58":2,"59":0,"60":2,"61":2,"62":2,"63":2,"64":2,"65":2,"66":2,"67":2,"68":2,"69":2,"70":2,"71":2,"72":2,"73":2,"74":2,"75":0,"76":0,"77":0,"78":0,"79":0,"80":0,"81":0,"82":0,"83":0,"84":0,"85":0,"86":0,"87":0,"88":0,"89":0,"90":0,"91":0,"92":0,"93":0,"94":0,"95":0,"96":0,"97":0,"98":0,"99":0,"100":0,"101":0,"102":0,"103":0,"104":0,"105":0,"106":0,"107":0,"108":0,"109":0,"110":0,"111":0,"112":2,"113":2,"114":2,"115":0,"116":0,"117":0,"118":0,"119":0,"120":0,"121":0,"122":0,"123":0,"124":0,"125":0,"126":0,"127":0,"128":0,"129":0,"130":0,"131":2,"132":0,"133":2,"134":0,"135":2,"136":0,"137":0,"138":2,"139":2,"140":2,"141":9,"142":2,"143":2,"144":2,"145":0,"146":0,"147":0,"148":2,"149":2,"150":1,"151":1,"152":1,"153":1,"154":1,"155":2,"156":2,"157":1,"158":0,"159":1,"160":1,"161":0,"162":0,"163":0,"164":0,"165":0,"166":0,"167":2,"168":2,"169":2,"170":0,"171":2,"172":1,"173":2,"174":1,"175":1,"176":1,"177":1,"178":1,"179":1,"180":1,"181":1,"182":1,"183":1,"184":1,"185":0,"186":1,"187":1,"188":1,"189":0,"190":0,"191":0,"192":0,"193":0,"194":0,"195":0,"196":0,"197":0,"198":0,"199":0,"200":0,"201":0,"202":0,"203":0,"204":0,"205":0,"206":0,"207":0,"208":0,"209":0,"210":0,"211":0,"212":0,"213":0,"214":0,"215":0,"216":0,"217":0,"218":0,"219":0,"220":0,"221":0,"222":0,"223":0,"224":0,"225":0,"226":0,"227":0,"228":0,"229":0,"230":0,"231":0,"232":0,"233":0,"234":0,"235":0,"236":0,"237":0,"238":0,"239":0,"240":0,"241":0,"242":0,"243":0,"244":0,"245":0,"246":0,"247":0,"248":0,"249":0,"250":0,"251":0,"252":0,"253":0,"254":0,"255":0,"256":0,"257":0,"258":0,"259":0,"260":0,"261":0,"262":0,"263":0,"264":0,"265":0,"266":0,"267":0,"268":0,"269":0,"270":0,"271":0,"272":0,"273":0,"274":0,"275":0,"276":0,"277":0,"278":0,"279":0,"280":0,"281":0,"282":0,"283":0,"284":0,"285":0,"286":0,"287":0,"288":0,"289":0,"290":0,"291":0,"292":0,"293":0,"294":0,"295":0,"296":0,"297":0,"298":0,"299":0,"300":0,"301":0,"302":0,"303":0,"304":0,"305":0,"306":0,"307":0,"308":0,"309":0,"310":0,"311":0,"312":0,"313":0,"314":0,"315":0,"316":0,"317":0,"318":0,"319":0,"320":0,"321":0,"322":0,"323":0,"324":0,"325":0,"326":0,"327":0,"328":0,"329":0,"330":0,"331":0,"332":0,"333":0,"334":0,"335":0,"336":0,"337":0,"338":0,"339":0,"340":0,"341":0,"342":0,"343":0,"344":0,"345":0,"346":0,"347":0,"348":0,"349":0,"350":0,"351":0,"352":0,"353":0,"354":0,"355":0,"356":0,"357":0,"358":0,"359":0,"360":0,"361":0,"362":0,"363":0,"364":0,"365":0,"366":0,"367":0,"368":0,"369":0,"370":0,"371":0,"372":0,"373":0,"374":0,"375":0,"376":0,"377":0,"378":0,"379":0,"380":0,"381":0,"382":0,"383":0,"384":0,"385":0,"386":0,"387":0,"388":0,"389":0,"390":0,"391":0,"392":0,"393":0,"394":0,"395":0,"396":0,"397":0,"398":0,"399":0,"400":0,"401":0,"402":0,"403":0,"404":0,"405":0,"406":0,"407":0,"408":0,"409":0,"410":0,"411":0,"412":0,"413":0,"414":0,"415":0,"416":0,"417":0,"418":0,"419":0,"420":0,"421":0,"422":0,"423":0,"424":0,"425":0,"426":0,"427":0,"428":0,"429":0,"430":0,"431":0,"432":0,"433":0,"434":0,"435":0,"436":0,"437":0,"438":0,"439":0,"440":0,"441":0,"442":0,"443":0,"444":0,"445":0,"446":0,"447":0,"448":0,"449":0,"450":0,"451":0,"452":0,"453":0,"454":0,"455":0,"456":0,"457":0,"458":0,"459":0,"460":0,"461":0,"462":0,"463":0,"464":0,"465":0,"466":0,"467":0,"468":0,"469":0,"470":0,"471":0,"472":0,"473":0,"474":0,"475":0,"476":0,"477":0,"478":0,"479":0,"480":0,"481":0,"482":0,"483":0,"484":0,"485":0,"486":0,"487":0,"488":0,"489":0,"490":0,"491":0,"492":0,"493":0,"494":0,"495":0,"496":0,"497":0,"498":0,"499":0,"500":0,"501":0,"502":0,"503":0,"504":0,"505":0,"506":0,"507":0,"508":0,"509":0,"510":0,"511":0,"512":0,"513":0,"514":0,"515":0,"516":0,"517":0,"518":0,"519":0,"520":0,"521":0,"522":0,"523":0,"524":0,"525":0,"526":0,"527":0,"528":0,"529":0,"530":0,"531":0,"532":0,"533":0,"534":0,"535":0,"536":0,"537":0,"538":0,"539":0,"540":0,"541":0,"542":0,"543":0,"544":0,"545":0,"546":0,"547":0,"548":0,"549":0,"550":0,"551":0,"552":0,"553":0,"554":0,"555":0,"556":0,"557":0,"558":0,"559":0,"560":0,"561":0,"562":0,"563":0,"564":0,"565":0,"566":0,"567":0,"568":0,"569":0,"570":0,"571":0,"572":0,"573":0,"574":0,"575":0,"576":0,"577":0,"578":0,"579":0,"580":0,"581":0,"582":0,"583":0,"584":0,"585":0,"586":0,"587":0,"588":0,"589":0,"590":0,"591":0,"592":0,"593":0,"594":0,"595":0,"596":0,"597":0,"598":0,"599":0,"600":0,"601":0,"602":0,"603":0,"604":0,"605":0,"606":0,"607":0,"608":0,"609":0,"610":0,"611":0,"612":0,"613":0,"614":0,"615":0,"616":0,"617":0,"618":0,"619":0,"620":0,"621":0,"622":0,"623":0,"624":0,"625":0,"626":0,"627":0,"628":0,"629":0,"630":0,"631":0,"632":0,"633":0,"634":0,"635":0,"636":0,"637":0,"638":0,"639":0,"640":0,"641":0,"642":0,"643":0,"644":0,"645":0,"646":0,"647":0,"648":0,"649":0,"650":0,"651":0,"652":0,"653":0,"654":0,"655":0,"656":0,"657":0,"658":0,"659":0,"660":0,"661":0,"662":0,"663":0,"664":0,"665":0,"666":0,"667":0,"668":0,"669":0,"670":0,"671":0,"672":0,"673":0,"674":0,"675":0,"676":0,"677":0,"678":0,"679":0,"680":0,"681":0,"682":0,"683":0,"684":0,"685":0,"686":0,"687":0,"688":0,"689":0,"690":0,"691":3,"692":3},"f":{"0":2,"1":46,"2":8,"3":0,"4":12,"5":2,"6":0,"7":0,"8":0,"9":0,"10":0,"11":0,"12":0,"13":0,"14":0,"15":2,"16":9,"17":2,"18":2,"19":0,"20":1,"21":1,"22":1,"23":0,"24":0,"25":0,"26":0,"27":0,"28":0,"29":0,"30":0,"31":0,"32":0,"33":0,"34":0,"35":0,"36":0,"37":0,"38":0,"39":0,"40":0,"41":0,"42":0,"43":0,"44":0,"45":0,"46":0,"47":0,"48":0,"49":0,"50":0,"51":0,"52":0,"53":0,"54":0,"55":0,"56":0,"57":0,"58":0,"59":0,"60":0,"61":0,"62":0,"63":0,"64":0,"65":0,"66":0,"67":0,"68":0,"69":0,"70":0,"71":0,"72":0,"73":0,"74":0,"75":0,"76":0,"77":0,"78":0,"79":0,"80":0,"81":0,"82":0,"83":0,"84":0,"85":0,"86":0},"b":{"0":[0],"1":[0],"2":[0],"3":[4],"4":[0],"5":[2],"6":[0],"7":[2,0],"8":[0],"9":[0],"10":[2,0],"11":[0],"12":[0],"13":[0],"14":[0],"15":[0],"16":[0],"17":[0],"18":[2],"19":[0],"20":[0],"21":[0,0],"22":[0],"23":[0,0,0],"24":[0],"25":[0],"26":[0],"27":[0,2],"28":[0],"29":[0],"30":[0,0],"31":[2,0],"32":[0],"33":[1,1],"34":[1,0],"35":[0],"36":[0,0],"37":[0],"38":[2,2],"39":[1],"40":[2,1],"41":[1,0],"42":[1,0],"43":[1,0],"44":[1,0],"45":[1],"46":[1,0],"47":[1,0],"48":[0],"49":[1,1],"50":[1],"51":[1,0],"52":[0,0],"53":[0],"54":[0],"55":[0,0,0,0,0,0,0,0,0,0,0],"56":[0],"57":[0],"58":[0],"59":[0,0],"60":[0,0],"61":[0,0],"62":[0,0],"63":[0,0],"64":[0],"65":[0,0],"66":[0,0],"67":[0,0],"68":[0,0],"69":[0,0],"70":[0],"71":[0,0],"72":[0,0],"73":[0,0],"74":[0,0],"75":[0,0],"76":[0],"77":[0,0],"78":[0],"79":[0,0],"80":[0,0],"81":[0,0],"82":[0,0],"83":[0,0],"84":[0],"85":[0,0],"86":[0],"87":[0,0],"88":[0],"89":[0],"90":[0,0],"91":[0,0],"92":[0,0],"93":[0,0],"94":[0,0],"95":[0,0],"96":[0],"97":[0],"98":[0,0],"99":[0,0],"100":[0,0],"101":[0],"102":[0,0],"103":[0,0],"104":[0],"105":[0,0],"106":[0],"107":[0,0],"108":[0,0],"109":[0,0],"110":[0,0],"111":[0,0],"112":[0,0],"113":[0,0],"114":[0],"115":[0,0],"116":[0,0],"117":[0,0],"118":[0,0],"119":[0,0],"120":[0,0],"121":[0,0],"122":[0,0],"123":[0],"124":[0,0],"125":[0,0],"126":[0],"127":[0,0],"128":[0,0],"129":[0,0],"130":[0,0],"131":[0],"132":[0,0],"133":[0,0],"134":[0],"135":[0,0,0],"136":[0,0],"137":[0,0],"138":[0,0],"139":[0,0],"140":[0,0],"141":[0,0],"142":[0],"143":[0,0],"144":[0,0,0],"145":[0],"146":[0,0],"147":[0,0,0,0],"148":[0,0],"149":[0,0],"150":[0,0],"151":[0,0],"152":[0,0],"153":[0,0],"154":[0],"155":[0],"156":[0,0],"157":[0,0]}}
,"C:\\Rag-Experiements\\tests\\mocks\\vscode.ts": {"path":"C:\\Rag-Experiements\\tests\\mocks\\vscode.ts","statementMap":{"0":{"start":{"line":1,"column":13},"end":{"line":8,"column":2}},"1":{"start":{"line":2,"column":44},"end":{"line":4,"column":4}},"2":{"start":{"line":3,"column":50},"end":{"line":3,"column":62}},"3":{"start":{"line":10,"column":13},"end":{"line":17,"column":2}},"4":{"start":{"line":11,"column":43},"end":{"line":16,"column":4}},"5":{"start":{"line":21,"column":0},"end":{"line":21,"column":37}},"6":{"start":{"line":25,"column":0},"end":{"line":25,"column":39}}},"fnMap":{"0":{"name":"(anonymous_0)","decl":{"start":{"line":2,"column":20},"end":{"line":2,"column":21}},"loc":{"start":{"line":2,"column":44},"end":{"line":4,"column":4}}},"1":{"name":"(anonymous_1)","decl":{"start":{"line":3,"column":9},"end":{"line":3,"column":13}},"loc":{"start":{"line":3,"column":50},"end":{"line":3,"column":62}}},"2":{"name":"(anonymous_2)","decl":{"start":{"line":5,"column":28},"end":{"line":5,"column":29}},"loc":{"start":{"line":5,"column":47},"end":{"line":7,"column":3}}},"3":{"name":"(anonymous_3)","decl":{"start":{"line":11,"column":23},"end":{"line":11,"column":24}},"loc":{"start":{"line":11,"column":43},"end":{"line":16,"column":4}}},"4":{"name":"(anonymous_4)","decl":{"start":{"line":12,"column":16},"end":{"line":12,"column":17}},"loc":{"start":{"line":12,"column":33},"end":{"line":12,"column":36}}},"5":{"name":"(anonymous_5)","decl":{"start":{"line":13,"column":10},"end":{"line":13,"column":13}},"loc":{"start":{"line":13,"column":15},"end":{"line":13,"column":18}}},"6":{"name":"(anonymous_6)","decl":{"start":{"line":14,"column":11},"end":{"line":14,"column":14}},"loc":{"start":{"line":14,"column":16},"end":{"line":14,"column":19}}},"7":{"name":"(anonymous_7)","decl":{"start":{"line":15,"column":13},"end":{"line":15,"column":16}},"loc":{"start":{"line":15,"column":18},"end":{"line":15,"column":21}}}},"branchMap":{},"s":{"0":13,"1":15,"2":39,"3":13,"4":51,"5":13,"6":13},"f":{"0":15,"1":39,"2":6,"3":51,"4":4,"5":0,"6":0,"7":0},"b":{}}
}
