TN:
SF:src\backend\contextBuilder.ts
FN:4,(anonymous_0)
FN:15,(anonymous_1)
FN:23,(anonymous_2)
FN:30,(anonymous_3)
FN:32,(anonymous_4)
FN:33,(anonymous_5)
FN:38,(anonymous_6)
FNF:7
FNH:7
FNDA:7,(anonymous_0)
FNDA:4,(anonymous_1)
FNDA:3,(anonymous_2)
FNDA:7,(anonymous_3)
FNDA:29,(anonymous_4)
FNDA:12,(anonymous_5)
FNDA:2,(anonymous_6)
DA:3,6
DA:5,7
DA:11,7
DA:13,7
DA:14,3
DA:15,3
DA:16,4
DA:18,3
DA:21,7
DA:22,3
DA:23,3
DA:24,3
DA:29,7
DA:30,7
DA:31,7
DA:32,29
DA:33,12
DA:36,7
DA:37,2
DA:38,2
DA:39,2
DA:41,5
DA:43,3
DA:46,7
DA:47,7
LF:25
LH:25
BRDA:13,0,0,3
BRDA:21,1,0,3
BRDA:31,2,0,7
BRDA:31,2,1,0
BRDA:36,3,0,2
BRDA:36,3,1,5
BRDA:41,4,0,3
BRF:7
BRH:6
end_of_record
TN:
SF:src\backend\externalMemory.ts
FN:24,(anonymous_0)
FN:34,(anonymous_1)
FN:289,(anonymous_2)
FN:292,(anonymous_3)
FN:297,(anonymous_4)
FN:301,(anonymous_5)
FN:305,(anonymous_6)
FN:309,(anonymous_7)
FN:316,(anonymous_8)
FNF:9
FNH:9
FNDA:34,(anonymous_0)
FNDA:10,(anonymous_1)
FNDA:108,(anonymous_2)
FNDA:15,(anonymous_3)
FNDA:1,(anonymous_4)
FNDA:6,(anonymous_5)
FNDA:2,(anonymous_6)
FNDA:19,(anonymous_7)
FNDA:1,(anonymous_8)
DA:24,6
DA:25,34
DA:26,34
DA:27,34
DA:28,34
DA:36,10
DA:38,9
DA:39,9
DA:289,108
DA:293,15
DA:294,15
DA:298,1
DA:302,6
DA:306,2
DA:310,19
DA:311,19
DA:312,5
DA:317,1
LF:18
LH:18
BRDA:36,0,0,1
BRDA:311,1,0,5
BRF:2
BRH:2
end_of_record
TN:
SF:src\backend\retriever.ts
FN:15,(anonymous_0)
FN:21,(anonymous_1)
FNF:2
FNH:2
FNDA:18,(anonymous_0)
FNDA:10,(anonymous_1)
DA:10,5
DA:16,18
DA:17,18
DA:18,18
DA:22,10
DA:23,10
DA:24,10
DA:25,2
DA:26,2
DA:28,8
DA:29,6
DA:30,6
DA:32,2
DA:34,2
LF:14
LH:14
BRDA:24,0,0,2
BRDA:32,1,0,2
BRDA:32,1,1,0
BRF:3
BRH:2
end_of_record
TN:
SF:src\backend\guardrails\inputGuardrail.ts
FN:14,(anonymous_0)
FN:18,(anonymous_1)
FN:34,(anonymous_2)
FN:38,(anonymous_3)
FN:42,(anonymous_4)
FN:51,(anonymous_5)
FN:58,(anonymous_6)
FNF:7
FNH:7
FNDA:29,(anonymous_0)
FNDA:13,(anonymous_1)
FNDA:5,(anonymous_2)
FNDA:16,(anonymous_3)
FNDA:6,(anonymous_4)
FNDA:7,(anonymous_5)
FNDA:22,(anonymous_6)
DA:8,5
DA:10,29
DA:11,29
DA:12,29
DA:15,29
DA:19,13
DA:20,3
DA:22,10
DA:23,2
DA:25,8
DA:26,1
DA:28,7
DA:29,4
DA:31,3
DA:35,5
DA:39,16
DA:40,16
DA:41,16
DA:42,16
DA:43,16
DA:44,3
DA:46,13
DA:47,13
DA:48,13
DA:52,7
DA:58,22
LF:26
LH:26
BRDA:18,0,0,12
BRDA:19,1,0,3
BRDA:19,2,0,13
BRDA:19,2,1,11
BRDA:22,3,0,2
BRDA:25,4,0,1
BRDA:28,5,0,4
BRDA:41,6,0,16
BRDA:41,6,1,11
BRDA:43,7,0,3
BRF:10
BRH:10
end_of_record
TN:
SF:src\backend\guardrails\outputGuardrail.ts
FN:32,(anonymous_0)
FN:36,(anonymous_1)
FN:62,(anonymous_2)
FN:80,(anonymous_3)
FN:81,(anonymous_4)
FN:84,(anonymous_5)
FN:85,(anonymous_6)
FN:92,(anonymous_7)
FNF:8
FNH:8
FNDA:16,(anonymous_0)
FNDA:12,(anonymous_1)
FNDA:3,(anonymous_2)
FNDA:5,(anonymous_3)
FNDA:11,(anonymous_4)
FNDA:8,(anonymous_5)
FNDA:33,(anonymous_6)
FNDA:3,(anonymous_7)
DA:10,6
DA:12,16
DA:13,16
DA:23,16
DA:33,16
DA:37,12
DA:38,2
DA:40,10
DA:41,2
DA:45,8
DA:46,8
DA:47,3
DA:48,3
DA:52,5
DA:53,5
DA:54,3
DA:55,3
DA:56,3
DA:59,2
DA:63,3
DA:66,3
DA:69,3
DA:72,3
DA:75,3
DA:77,3
DA:81,11
DA:85,33
DA:93,3
LF:28
LH:28
BRDA:37,0,0,2
BRDA:40,1,0,2
BRDA:46,2,0,3
BRDA:53,3,0,3
BRF:4
BRH:4
end_of_record
TN:
SF:src\backend\modelGateway\generator.ts
FN:24,(anonymous_6)
FN:37,(anonymous_7)
FN:40,(anonymous_8)
FN:49,(anonymous_9)
FN:54,(anonymous_10)
FN:131,(anonymous_11)
FN:136,(anonymous_12)
FN:146,(anonymous_13)
FN:158,(anonymous_14)
FN:161,(anonymous_15)
FN:167,(anonymous_16)
FN:171,(anonymous_17)
FN:182,(anonymous_18)
FN:186,(anonymous_19)
FN:235,(anonymous_20)
FN:241,(anonymous_21)
FN:262,(anonymous_22)
FN:271,(anonymous_23)
FN:273,(anonymous_24)
FN:284,(anonymous_25)
FNF:20
FNH:10
FNDA:42,(anonymous_6)
FNDA:6,(anonymous_7)
FNDA:0,(anonymous_8)
FNDA:0,(anonymous_9)
FNDA:0,(anonymous_10)
FNDA:0,(anonymous_11)
FNDA:0,(anonymous_12)
FNDA:0,(anonymous_13)
FNDA:6,(anonymous_14)
FNDA:2,(anonymous_15)
FNDA:2,(anonymous_16)
FNDA:2,(anonymous_17)
FNDA:2,(anonymous_18)
FNDA:0,(anonymous_19)
FNDA:0,(anonymous_20)
FNDA:0,(anonymous_21)
FNDA:2,(anonymous_22)
FNDA:4,(anonymous_23)
FNDA:0,(anonymous_24)
FNDA:2,(anonymous_25)
DA:1,7
DA:3,7
DA:17,7
DA:22,42
DA:25,42
DA:26,42
DA:27,42
DA:28,42
DA:29,42
DA:31,42
DA:32,0
DA:33,0
DA:39,6
DA:40,6
DA:43,6
DA:45,6
DA:46,5
DA:48,5
DA:49,5
DA:52,5
DA:54,5
DA:56,5
DA:57,1
DA:58,1
DA:62,4
DA:81,4
DA:82,1
DA:83,2
DA:84,2
DA:93,4
DA:113,4
DA:114,1
DA:115,1
DA:116,1
DA:117,1
DA:118,1
DA:125,1
DA:130,3
DA:131,3
DA:134,3
DA:136,2
DA:139,2
DA:146,1
DA:148,1
DA:149,1
DA:150,1
DA:155,1
DA:160,6
DA:161,6
DA:163,6
DA:166,6
DA:167,6
DA:169,6
DA:171,6
DA:173,6
DA:174,1
DA:175,1
DA:179,5
DA:181,5
DA:182,5
DA:185,5
DA:186,5
DA:187,5
DA:188,5
DA:232,3
DA:234,3
DA:235,3
DA:237,3
DA:238,2
DA:239,2
DA:241,2
DA:243,2
DA:244,1
DA:251,1
DA:254,2
DA:255,2
DA:256,1
DA:258,1
DA:262,2
DA:264,2
DA:268,4
DA:272,4
DA:273,4
DA:274,4
DA:275,4
DA:276,2
DA:278,2
DA:280,4
DA:285,2
DA:291,2
LF:90
LH:88
BRDA:31,0,0,0
BRDA:40,1,0,6
BRDA:40,1,1,5
BRDA:43,2,0,6
BRDA:43,2,1,5
BRDA:45,3,0,5
BRDA:45,4,0,6
BRDA:45,4,1,5
BRDA:56,5,0,1
BRDA:81,6,0,1
BRDA:81,7,0,4
BRDA:81,7,1,1
BRDA:83,8,0,2
BRDA:83,9,0,2
BRDA:83,9,1,1
BRDA:113,10,0,1
BRDA:113,11,0,4
BRDA:113,11,1,1
BRDA:141,12,0,2
BRDA:141,12,1,0
BRDA:148,13,0,1
BRDA:148,13,1,0
BRDA:161,14,0,6
BRDA:161,14,1,6
BRDA:163,15,0,6
BRDA:163,15,1,6
BRDA:173,16,0,1
BRDA:237,17,0,2
BRDA:237,17,1,1
BRDA:239,18,0,2
BRDA:239,18,1,1
BRDA:243,19,0,1
BRDA:247,20,0,1
BRDA:247,20,1,0
BRDA:255,21,0,1
BRDA:264,22,0,2
BRDA:264,22,1,0
BRF:37
BRH:32
end_of_record
TN:
SF:src\backend\modelGateway\modelGateway.ts
FN:29,(anonymous_6)
FN:51,(anonymous_7)
FN:55,(anonymous_8)
FN:66,(anonymous_9)
FN:67,(anonymous_10)
FN:70,(anonymous_11)
FN:73,(anonymous_12)
FN:74,(anonymous_13)
FN:79,(anonymous_14)
FN:81,(anonymous_15)
FN:114,(anonymous_16)
FN:123,(anonymous_17)
FN:138,(anonymous_18)
FNF:13
FNH:9
FNDA:23,(anonymous_6)
FNDA:10,(anonymous_7)
FNDA:2,(anonymous_8)
FNDA:2,(anonymous_9)
FNDA:2,(anonymous_10)
FNDA:1,(anonymous_11)
FNDA:1,(anonymous_12)
FNDA:1,(anonymous_13)
FNDA:10,(anonymous_14)
FNDA:0,(anonymous_15)
FNDA:0,(anonymous_16)
FNDA:0,(anonymous_17)
FNDA:0,(anonymous_18)
DA:1,6
DA:2,6
DA:3,6
DA:4,6
DA:19,6
DA:30,23
DA:31,23
DA:32,23
DA:33,23
DA:34,23
DA:37,23
DA:38,23
DA:39,23
DA:42,23
DA:43,23
DA:44,23
DA:52,10
DA:54,10
DA:55,2
DA:58,10
DA:59,2
DA:62,8
DA:63,8
DA:67,2
DA:71,1
DA:74,1
DA:81,10
DA:84,10
DA:85,2
DA:86,2
DA:87,2
DA:91,8
DA:96,8
DA:97,8
DA:98,8
DA:100,8
DA:103,8
DA:104,10
DA:105,10
DA:106,10
DA:107,2
DA:108,2
DA:109,2
DA:110,2
DA:114,10
DA:117,10
DA:122,4
DA:123,4
DA:126,4
DA:128,4
DA:130,4
DA:137,6
DA:138,6
DA:140,6
DA:141,6
DA:144,6
DA:145,2
DA:151,2
DA:152,2
LF:59
LH:59
BRDA:58,0,0,2
BRDA:84,1,0,2
BRDA:91,2,0,8
BRDA:91,2,1,8
BRDA:91,2,2,8
BRDA:96,3,0,0
BRDA:96,3,1,8
BRDA:98,4,0,0
BRDA:98,4,1,8
BRDA:106,5,0,2
BRDA:144,6,0,2
BRDA:144,7,0,6
BRDA:144,7,1,5
BRDA:152,8,0,2
BRDA:152,8,1,0
BRF:15
BRH:12
end_of_record
TN:
SF:src\backend\modelGateway\router.ts
FN:8,(anonymous_6)
FNF:1
FNH:1
FNDA:10,(anonymous_6)
DA:1,7
DA:7,7
DA:10,10
DA:11,1
DA:14,9
DA:15,9
DA:16,9
LF:7
LH:7
BRDA:10,0,0,1
BRF:1
BRH:1
end_of_record
TN:
SF:src\backend\modelGateway\scorer.ts
FN:2,(anonymous_0)
FN:6,(anonymous_1)
FNF:2
FNH:2
FNDA:7,(anonymous_0)
FNDA:7,(anonymous_1)
DA:1,7
DA:3,7
DA:4,7
DA:5,7
DA:6,7
DA:7,7
DA:8,7
LF:7
LH:7
BRDA:4,0,0,2
BRDA:4,1,0,7
BRDA:4,1,1,6
BRDA:6,2,0,7
BRDA:6,2,1,6
BRDA:7,3,0,3
BRF:6
BRH:6
end_of_record
TN:
SF:src\backend\rca\errorDetector.ts
FN:17,(anonymous_0)
FN:171,(anonymous_1)
FN:198,(anonymous_2)
FN:218,(anonymous_3)
FNF:4
FNH:4
FNDA:20,(anonymous_0)
FNDA:16,(anonymous_1)
FNDA:27,(anonymous_2)
FNDA:2,(anonymous_3)
DA:17,5
DA:18,20
DA:173,16
DA:175,16
DA:176,2
DA:180,14
DA:181,71
DA:182,460
DA:183,8
DA:195,6
DA:198,27
DA:200,6
DA:202,5
DA:203,5
DA:212,1
DA:219,2
LF:16
LH:16
BRDA:175,0,0,2
BRDA:182,1,0,8
BRDA:200,2,0,5
BRF:3
BRH:3
end_of_record
TN:
SF:src\backend\rca\rcaContextBuilder.ts
FN:10,(anonymous_0)
FN:15,(anonymous_1)
FN:33,(anonymous_2)
FN:37,(anonymous_3)
FN:72,(anonymous_4)
FN:80,(anonymous_5)
FN:99,(anonymous_6)
FN:113,(anonymous_7)
FN:125,(anonymous_8)
FN:145,(anonymous_9)
FNF:10
FNH:10
FNDA:3,(anonymous_0)
FNDA:2,(anonymous_1)
FNDA:1,(anonymous_2)
FNDA:1,(anonymous_3)
FNDA:1,(anonymous_4)
FNDA:1,(anonymous_5)
FNDA:1,(anonymous_6)
FNDA:1,(anonymous_7)
FNDA:1,(anonymous_8)
FNDA:1,(anonymous_9)
DA:2,4
DA:3,4
DA:6,4
DA:11,3
DA:12,3
DA:21,2
DA:23,2
DA:24,2
DA:26,2
DA:27,1
DA:28,1
DA:29,1
DA:30,1
DA:32,1
DA:33,1
DA:34,1
DA:36,1
DA:37,1
DA:38,1
DA:40,1
DA:42,1
DA:46,2
DA:47,1
DA:48,1
DA:50,1
DA:51,1
DA:53,1
DA:54,1
DA:55,1
DA:56,1
DA:57,1
DA:59,1
DA:60,1
DA:62,1
DA:64,1
DA:65,1
DA:66,1
DA:70,1
DA:71,1
DA:72,1
DA:73,1
DA:75,1
DA:78,1
DA:79,1
DA:80,1
DA:81,1
DA:83,1
DA:86,1
DA:87,1
DA:88,1
DA:89,1
DA:91,1
DA:92,0
DA:94,1
DA:97,1
DA:98,1
DA:99,1
DA:100,1
DA:102,1
DA:111,2
DA:112,1
DA:113,1
DA:114,1
DA:115,1
DA:116,1
DA:118,1
DA:123,2
DA:124,1
DA:125,1
DA:126,1
DA:127,1
DA:131,2
DA:132,2
DA:133,2
DA:134,2
DA:135,2
DA:136,2
DA:137,2
DA:138,2
DA:139,2
DA:140,2
DA:142,2
DA:146,1
LF:83
LH:82
BRDA:26,0,0,1
BRDA:26,0,1,1
BRDA:26,1,0,2
BRDA:26,1,1,1
BRDA:46,2,0,1
BRDA:50,3,0,1
BRDA:50,4,0,1
BRDA:50,4,1,0
BRDA:50,4,2,0
BRDA:53,5,0,1
BRDA:56,6,0,1
BRDA:59,7,0,1
BRDA:64,8,0,1
BRDA:70,9,0,1
BRDA:70,10,0,1
BRDA:70,10,1,1
BRDA:78,11,0,1
BRDA:86,12,0,1
BRDA:86,13,0,1
BRDA:86,13,1,1
BRDA:88,14,0,1
BRDA:89,15,0,1
BRDA:89,15,1,0
BRDA:91,16,0,0
BRDA:92,17,0,0
BRDA:92,17,1,0
BRDA:97,18,0,1
BRDA:111,19,0,1
BRDA:114,20,0,1
BRDA:114,20,1,0
BRDA:115,21,0,1
BRDA:123,22,0,1
BRF:32
BRH:25
end_of_record
TN:
SF:src\backend\rca\repoAnalyzer.ts
FN:14,(anonymous_6)
FN:66,(anonymous_7)
FN:81,(anonymous_8)
FN:139,(anonymous_9)
FNF:4
FNH:4
FNDA:2,(anonymous_6)
FNDA:4,(anonymous_7)
FNDA:3,(anonymous_8)
FNDA:2,(anonymous_9)
DA:1,5
DA:13,5
DA:15,2
DA:22,2
DA:23,1
DA:26,2
DA:27,1
DA:30,1
DA:33,1
DA:35,1
DA:36,0
DA:39,1
DA:40,0
DA:43,1
DA:44,1
DA:45,1
DA:46,1
DA:48,1
DA:53,1
DA:56,1
DA:57,1
DA:58,1
DA:59,1
DA:62,1
DA:63,1
DA:64,1
DA:65,1
DA:67,4
DA:68,4
DA:69,4
DA:73,1
DA:81,1
DA:82,3
DA:83,3
DA:90,1
DA:91,1
DA:95,1
DA:108,1
DA:109,10
DA:110,10
DA:111,10
DA:112,2
DA:114,2
DA:116,2
DA:117,1
DA:118,1
DA:122,1
DA:123,1
DA:124,1
DA:125,1
DA:136,1
DA:137,1
DA:138,1
DA:139,1
DA:140,2
DA:141,1
DA:150,1
LF:57
LH:55
BRDA:22,0,0,1
BRDA:26,1,0,1
BRDA:35,2,0,0
BRDA:39,3,0,0
BRDA:43,4,0,1
BRDA:45,5,0,1
BRDA:45,5,1,0
BRDA:46,6,0,1
BRDA:46,6,1,0
BRDA:62,7,0,1
BRDA:62,8,0,1
BRDA:62,8,1,1
BRDA:62,8,2,1
BRDA:68,9,0,1
BRDA:68,9,1,3
BRDA:84,10,0,3
BRDA:84,10,1,1
BRDA:84,10,2,1
BRDA:84,10,3,0
BRDA:90,11,0,1
BRDA:116,12,0,1
BRDA:116,12,1,1
BRDA:122,13,0,1
BRDA:122,14,0,1
BRDA:122,14,1,0
BRDA:137,15,0,1
BRDA:140,16,0,1
BRF:27
BRH:21
end_of_record
TN:
SF:src\backend\web\webSearch.ts
FN:16,(anonymous_6)
FN:21,(anonymous_7)
FN:52,(anonymous_8)
FN:56,(anonymous_9)
FN:60,(anonymous_10)
FN:98,(anonymous_11)
FN:116,(anonymous_12)
FNF:7
FNH:5
FNDA:25,(anonymous_6)
FNDA:3,(anonymous_7)
FNDA:2,(anonymous_8)
FNDA:2,(anonymous_9)
FNDA:10,(anonymous_10)
FNDA:0,(anonymous_11)
FNDA:0,(anonymous_12)
DA:1,6
DA:12,6
DA:17,25
DA:18,25
DA:23,3
DA:24,3
DA:27,3
DA:28,3
DA:29,3
DA:32,3
DA:33,3
DA:36,3
DA:37,3
DA:39,3
DA:40,3
DA:41,3
DA:42,3
DA:45,3
DA:46,3
DA:47,3
DA:49,3
DA:53,2
DA:57,2
DA:62,10
DA:63,10
DA:64,10
DA:65,10
DA:68,10
DA:69,2
DA:70,2
DA:71,2
DA:75,8
DA:76,2
DA:77,2
DA:80,6
DA:82,6
DA:83,6
DA:84,0
DA:85,0
DA:88,6
DA:89,6
DA:90,6
DA:91,6
DA:92,6
DA:94,6
DA:95,5
DA:97,5
DA:98,1
DA:99,1
DA:100,1
DA:103,4
DA:104,4
DA:105,4
DA:107,4
DA:108,4
DA:110,4
DA:111,4
DA:112,4
DA:113,4
DA:116,0
DA:117,0
DA:123,0
DA:124,0
DA:127,0
DA:128,0
DA:129,0
DA:131,2
DA:132,2
DA:133,2
DA:134,2
DA:136,2
LF:71
LH:62
BRDA:27,0,0,3
BRDA:27,0,1,3
BRDA:28,1,0,3
BRDA:28,1,1,3
BRDA:36,2,0,3
BRDA:36,2,1,3
BRDA:37,3,0,3
BRDA:37,3,1,3
BRDA:39,4,0,3
BRDA:39,4,1,3
BRDA:39,4,2,3
BRDA:40,5,0,3
BRDA:40,5,1,3
BRDA:40,5,2,3
BRDA:41,6,0,3
BRDA:41,6,1,3
BRDA:42,7,0,3
BRDA:42,7,1,0
BRDA:45,8,0,0
BRDA:45,8,1,3
BRDA:45,9,0,0
BRDA:45,9,1,3
BRDA:46,10,0,0
BRDA:46,10,1,3
BRDA:46,11,0,0
BRDA:46,11,1,3
BRDA:60,12,0,0
BRDA:64,13,0,8
BRDA:64,13,1,2
BRDA:64,14,0,10
BRDA:64,14,1,2
BRDA:68,15,0,2
BRDA:70,16,0,0
BRDA:70,16,1,2
BRDA:70,17,0,0
BRDA:70,17,1,2
BRDA:75,18,0,2
BRDA:75,19,0,8
BRDA:75,19,1,4
BRDA:83,20,0,0
BRDA:97,21,0,1
BRDA:100,22,0,1
BRDA:100,22,1,0
BRDA:107,23,0,4
BRDA:107,23,1,0
BRDA:110,24,0,4
BRDA:118,25,0,0
BRDA:118,25,1,0
BRDA:119,26,0,0
BRDA:119,26,1,0
BRDA:119,27,0,0
BRDA:119,27,1,0
BRDA:119,28,0,0
BRDA:119,28,1,0
BRDA:123,29,0,0
BRDA:123,29,1,0
BRDA:123,30,0,0
BRDA:123,30,1,0
BRDA:131,31,0,2
BRDA:131,31,1,0
BRDA:132,32,0,2
BRDA:132,32,1,0
BRDA:133,33,0,2
BRF:63
BRH:38
end_of_record
TN:
SF:src\backend\writeActions\writeActionHandler.ts
FN:6,(anonymous_0)
FN:10,(anonymous_1)
FN:13,(anonymous_2)
FN:22,(anonymous_3)
FN:24,(anonymous_4)
FNF:5
FNH:5
FNDA:9,(anonymous_0)
FNDA:5,(anonymous_1)
FNDA:5,(anonymous_2)
FNDA:6,(anonymous_3)
FNDA:6,(anonymous_4)
DA:3,4
DA:7,9
DA:11,5
DA:13,5
DA:14,4
DA:15,4
DA:17,1
DA:18,1
DA:23,6
DA:24,6
DA:25,5
DA:27,1
DA:28,1
LF:13
LH:13
BRDA:17,0,0,1
BRDA:17,0,1,0
BRDA:27,1,0,1
BRDA:27,1,1,0
BRF:4
BRH:2
end_of_record
TN:
SF:src\utils\cacheManager.ts
FN:32,(anonymous_6)
FN:39,(anonymous_7)
FN:49,(anonymous_8)
FN:53,(anonymous_9)
FN:65,(anonymous_10)
FN:70,(anonymous_11)
FN:75,(anonymous_12)
FN:77,(anonymous_13)
FN:82,(anonymous_14)
FN:84,(anonymous_15)
FN:86,(anonymous_16)
FN:91,(anonymous_17)
FN:99,(anonymous_18)
FN:108,(anonymous_19)
FN:120,(anonymous_20)
FN:126,(anonymous_21)
FN:137,(anonymous_22)
FN:154,(anonymous_23)
FN:165,(anonymous_24)
FN:182,(anonymous_25)
FN:194,(anonymous_26)
FN:201,(anonymous_27)
FN:213,(anonymous_28)
FN:220,(anonymous_29)
FN:232,(anonymous_30)
FN:239,(anonymous_31)
FNF:26
FNH:26
FNDA:38,(anonymous_6)
FNDA:3,(anonymous_7)
FNDA:75,(anonymous_8)
FNDA:75,(anonymous_9)
FNDA:24,(anonymous_10)
FNDA:46,(anonymous_11)
FNDA:87,(anonymous_12)
FNDA:21,(anonymous_13)
FNDA:2,(anonymous_14)
FNDA:261,(anonymous_15)
FNDA:39,(anonymous_16)
FNDA:3,(anonymous_17)
FNDA:9,(anonymous_18)
FNDA:3,(anonymous_19)
FNDA:26,(anonymous_20)
FNDA:6,(anonymous_21)
FNDA:9,(anonymous_22)
FNDA:9,(anonymous_23)
FNDA:2,(anonymous_24)
FNDA:15,(anonymous_25)
FNDA:13,(anonymous_26)
FNDA:11,(anonymous_27)
FNDA:7,(anonymous_28)
FNDA:5,(anonymous_29)
FNDA:6,(anonymous_30)
FNDA:12,(anonymous_31)
DA:1,7
DA:13,7
DA:14,38
DA:15,38
DA:16,38
DA:17,38
DA:18,38
DA:19,38
DA:21,38
DA:22,38
DA:23,38
DA:24,38
DA:25,38
DA:26,38
DA:27,38
DA:28,38
DA:34,38
DA:35,38
DA:36,38
DA:39,38
DA:40,3
DA:41,3
DA:43,3
DA:44,3
DA:50,75
DA:55,75
DA:56,75
DA:57,75
DA:58,339
DA:59,339
DA:60,339
DA:62,75
DA:66,24
DA:67,24
DA:71,46
DA:72,46
DA:76,87
DA:77,87
DA:78,21
DA:79,2
DA:82,87
DA:84,87
DA:85,261
DA:86,261
DA:87,39
DA:88,3
DA:91,261
DA:94,87
DA:95,87
DA:96,87
DA:100,9
DA:101,8
DA:106,1
DA:108,1
DA:109,3
DA:110,1
DA:111,1
DA:115,1
DA:116,1
DA:121,26
DA:122,23
DA:125,3
DA:126,3
DA:127,6
DA:128,3
DA:129,3
DA:132,3
DA:133,3
DA:138,9
DA:140,9
DA:141,9
DA:143,9
DA:144,3
DA:145,3
DA:146,3
DA:149,6
DA:150,6
DA:151,6
DA:155,9
DA:156,9
DA:158,9
DA:159,9
DA:166,2
DA:167,2
DA:168,2
DA:169,2
DA:170,2
DA:171,2
DA:172,2
DA:173,2
DA:174,2
DA:175,2
DA:176,2
DA:177,2
DA:178,2
DA:179,2
DA:183,15
DA:184,15
DA:185,15
DA:186,15
DA:187,4
DA:188,4
DA:190,11
DA:191,11
DA:195,13
DA:196,13
DA:197,13
DA:198,13
DA:202,11
DA:203,11
DA:204,11
DA:205,11
DA:206,2
DA:207,2
DA:209,9
DA:210,9
DA:214,7
DA:215,7
DA:216,7
DA:217,7
DA:221,5
DA:222,5
DA:223,5
DA:224,5
DA:225,1
DA:226,1
DA:228,4
DA:229,4
DA:233,6
DA:234,6
DA:235,6
DA:236,6
DA:240,12
DA:242,12
DA:243,12
DA:246,12
DA:247,12
DA:249,12
DA:250,12
DA:252,12
DA:253,12
DA:255,12
DA:256,12
DA:258,12
LF:144
LH:144
BRDA:40,0,0,3
BRDA:43,1,0,3
BRDA:78,2,0,2
BRDA:87,3,0,3
BRDA:100,4,0,8
BRDA:109,5,0,1
BRDA:115,6,0,1
BRDA:121,7,0,23
BRDA:127,8,0,3
BRDA:132,9,0,3
BRDA:143,10,0,3
BRDA:143,11,0,9
BRDA:143,11,1,3
BRDA:186,12,0,4
BRDA:186,13,0,15
BRDA:186,13,1,4
BRDA:205,14,0,2
BRDA:205,15,0,11
BRDA:205,15,1,2
BRDA:224,16,0,1
BRDA:224,17,0,5
BRDA:224,17,1,1
BRDA:243,18,0,6
BRDA:243,18,1,6
BRDA:247,19,0,6
BRDA:247,19,1,6
BRDA:250,20,0,2
BRDA:250,20,1,10
BRDA:253,21,0,2
BRDA:253,21,1,10
BRDA:256,22,0,2
BRDA:256,22,1,10
BRF:32
BRH:32
end_of_record
TN:
SF:src\utils\observability.ts
FN:33,(anonymous_0)
FN:37,(anonymous_1)
FN:51,(anonymous_2)
FN:55,(anonymous_3)
FN:74,(anonymous_4)
FN:75,(anonymous_5)
FN:91,(anonymous_6)
FN:95,(anonymous_7)
FN:99,(anonymous_8)
FN:106,(anonymous_9)
FN:110,(anonymous_10)
FN:114,(anonymous_11)
FN:118,(anonymous_12)
FN:122,(anonymous_13)
FN:126,(anonymous_14)
FN:130,(anonymous_15)
FN:134,(anonymous_16)
FN:136,(anonymous_17)
FN:143,(anonymous_18)
FN:147,(anonymous_19)
FN:151,(anonymous_20)
FN:157,(anonymous_21)
FN:164,(anonymous_22)
FN:165,(anonymous_23)
FN:166,(anonymous_24)
FN:167,(anonymous_25)
FN:171,(anonymous_26)
FN:187,(anonymous_27)
FNF:28
FNH:28
FNDA:22,(anonymous_0)
FNDA:48,(anonymous_1)
FNDA:35,(anonymous_2)
FNDA:14,(anonymous_3)
FNDA:6,(anonymous_4)
FNDA:6,(anonymous_5)
FNDA:5,(anonymous_6)
FNDA:4,(anonymous_7)
FNDA:2,(anonymous_8)
FNDA:1,(anonymous_9)
FNDA:1,(anonymous_10)
FNDA:1,(anonymous_11)
FNDA:8,(anonymous_12)
FNDA:1,(anonymous_13)
FNDA:11,(anonymous_14)
FNDA:9,(anonymous_15)
FNDA:8,(anonymous_16)
FNDA:6,(anonymous_17)
FNDA:5,(anonymous_18)
FNDA:4,(anonymous_19)
FNDA:2,(anonymous_20)
FNDA:6,(anonymous_21)
FNDA:22,(anonymous_22)
FNDA:22,(anonymous_23)
FNDA:22,(anonymous_24)
FNDA:22,(anonymous_25)
FNDA:7,(anonymous_26)
FNDA:1,(anonymous_27)
DA:26,6
DA:28,22
DA:29,22
DA:30,22
DA:31,22
DA:34,22
DA:38,48
DA:45,48
DA:46,48
DA:47,5
DA:51,48
DA:52,48
DA:56,14
DA:57,14
DA:65,14
DA:66,14
DA:67,2
DA:70,14
DA:71,14
DA:75,6
DA:76,6
DA:77,1
DA:78,1
DA:81,5
DA:82,5
DA:83,5
DA:84,5
DA:85,1
DA:88,5
DA:92,5
DA:96,4
DA:100,2
DA:107,1
DA:111,1
DA:115,1
DA:119,8
DA:123,1
DA:127,11
DA:129,11
DA:130,9
DA:133,11
DA:134,4
DA:135,8
DA:136,6
DA:140,11
DA:144,5
DA:146,5
DA:147,4
DA:150,5
DA:151,2
DA:154,5
DA:164,22
DA:165,22
DA:166,22
DA:167,22
DA:168,6
DA:170,6
DA:171,7
DA:174,6
DA:178,6
DA:188,1
DA:189,1
DA:190,1
LF:63
LH:63
BRDA:46,0,0,5
BRDA:51,1,0,30
BRDA:51,1,1,18
BRDA:66,2,0,2
BRDA:76,3,0,1
BRDA:84,4,0,1
BRDA:129,5,0,7
BRDA:133,6,0,4
BRDA:135,7,0,2
BRDA:146,8,0,2
BRDA:150,9,0,1
BRDA:170,10,0,4
BRDA:170,10,1,2
BRDA:174,11,0,4
BRDA:174,11,1,2
BRF:15
BRH:15
end_of_record
TN:
SF:src\utils\outputChannel.ts
FN:6,(anonymous_6)
FN:10,(anonymous_7)
FN:15,(anonymous_8)
FN:20,(anonymous_9)
FN:25,(anonymous_10)
FN:29,(anonymous_11)
FNF:6
FNH:6
FNDA:98,(anonymous_6)
FNDA:35,(anonymous_7)
FNDA:7,(anonymous_8)
FNDA:1,(anonymous_9)
FNDA:1,(anonymous_10)
FNDA:1,(anonymous_11)
DA:1,13
DA:3,13
DA:7,98
DA:11,35
DA:12,35
DA:16,7
DA:17,7
DA:21,1
DA:22,1
DA:26,1
DA:30,1
LF:11
LH:11
BRF:0
BRH:0
end_of_record
TN:
SF:src\utils\zerouiClient.ts
FN:29,(anonymous_6)
FN:39,(anonymous_7)
FN:54,(anonymous_8)
FN:57,(anonymous_9)
FN:68,(anonymous_10)
FN:72,(anonymous_11)
FN:91,(anonymous_12)
FN:101,(anonymous_13)
FN:129,(anonymous_14)
FN:134,(anonymous_15)
FN:151,(anonymous_16)
FNF:11
FNH:5
FNDA:6,(anonymous_6)
FNDA:2,(anonymous_7)
FNDA:3,(anonymous_8)
FNDA:0,(anonymous_9)
FNDA:0,(anonymous_10)
FNDA:0,(anonymous_11)
FNDA:0,(anonymous_12)
FNDA:2,(anonymous_13)
FNDA:0,(anonymous_14)
FNDA:0,(anonymous_15)
FNDA:1,(anonymous_16)
DA:1,8
DA:25,8
DA:30,6
DA:32,6
DA:33,6
DA:40,2
DA:41,2
DA:45,1
DA:47,1
DA:56,3
DA:57,3
DA:59,3
DA:60,3
DA:67,3
DA:68,3
DA:71,3
DA:72,3
DA:74,3
DA:75,3
DA:81,2
DA:83,1
DA:84,1
DA:85,0
DA:87,1
DA:90,2
DA:91,2
DA:94,2
DA:95,1
DA:96,1
DA:100,1
DA:101,2
DA:103,1
DA:104,1
DA:105,2
DA:106,2
DA:107,2
DA:108,0
DA:110,2
DA:111,1
DA:112,1
DA:113,1
DA:114,0
DA:115,0
DA:116,0
DA:117,0
DA:119,2
DA:120,1
DA:124,0
DA:129,1
DA:131,1
DA:134,2
DA:136,2
DA:138,2
DA:139,1
DA:140,1
DA:141,0
DA:144,2
DA:152,1
DA:153,1
DA:154,1
LF:60
LH:52
BRDA:84,0,0,0
BRDA:94,1,0,1
BRDA:107,2,0,0
BRDA:110,3,0,1
BRDA:110,3,1,1
BRDA:112,4,0,1
BRDA:112,4,1,0
BRDA:114,5,0,0
BRDA:114,5,1,0
BRDA:116,6,0,0
BRDA:119,7,0,1
BRDA:131,8,0,1
BRDA:131,8,1,0
BRDA:136,9,0,2
BRDA:136,9,1,0
BRDA:138,10,0,1
BRDA:138,10,1,1
BRDA:138,11,0,2
BRDA:138,11,1,2
BRDA:140,12,0,0
BRF:20
BRH:11
end_of_record
TN:
SF:src\webview\ragPanel.ts
FN:40,(anonymous_6)
FN:84,(anonymous_7)
FN:87,(anonymous_8)
FN:93,(anonymous_9)
FN:96,(anonymous_10)
FN:142,(anonymous_11)
FN:166,(anonymous_12)
FN:172,(anonymous_13)
FN:173,(anonymous_14)
FN:192,(anonymous_15)
FN:193,(anonymous_16)
FN:194,(anonymous_17)
FN:199,(anonymous_18)
FN:226,(anonymous_19)
FN:234,(anonymous_20)
FN:264,(anonymous_21)
FN:274,(anonymous_22)
FN:308,(anonymous_23)
FN:308,(anonymous_24)
FN:321,(anonymous_25)
FN:343,(anonymous_26)
FN:347,(anonymous_27)
FN:377,(anonymous_28)
FN:388,(anonymous_29)
FN:416,(anonymous_30)
FN:419,(anonymous_31)
FN:431,(anonymous_32)
FN:440,(anonymous_33)
FN:487,(anonymous_34)
FN:522,(anonymous_35)
FN:532,(anonymous_36)
FN:546,(anonymous_37)
FN:550,(anonymous_38)
FN:556,(anonymous_39)
FN:571,(anonymous_40)
FN:685,(anonymous_41)
FN:688,(anonymous_42)
FN:696,(anonymous_43)
FN:714,(anonymous_44)
FN:869,(anonymous_45)
FN:882,(anonymous_46)
FN:888,(anonymous_47)
FN:890,(anonymous_48)
FN:892,(anonymous_49)
FN:893,(anonymous_50)
FN:905,(anonymous_51)
FN:920,(anonymous_52)
FN:925,(anonymous_53)
FN:927,(anonymous_54)
FN:935,(anonymous_55)
FN:943,(anonymous_56)
FN:945,(anonymous_57)
FN:981,(anonymous_58)
FN:990,(anonymous_59)
FN:995,(anonymous_60)
FN:997,(anonymous_61)
FN:1025,(anonymous_62)
FN:1036,(anonymous_63)
FN:1039,(anonymous_64)
FN:1039,(anonymous_65)
FN:1042,(anonymous_66)
FN:1054,(anonymous_67)
FN:1065,(anonymous_68)
FN:1183,(anonymous_69)
FN:1275,(anonymous_70)
FN:1280,(anonymous_71)
FN:1294,(anonymous_72)
FN:1298,(anonymous_73)
FN:1305,(anonymous_74)
FN:1343,(anonymous_75)
FN:1348,(anonymous_76)
FN:1351,(anonymous_77)
FN:1368,(anonymous_78)
FN:1396,(anonymous_79)
FN:1453,(anonymous_80)
FN:1462,(anonymous_81)
FN:1481,(anonymous_82)
FN:1486,(anonymous_83)
FN:1491,(anonymous_84)
FN:1499,(anonymous_85)
FN:1506,(anonymous_86)
FN:1516,(anonymous_87)
FN:1534,(anonymous_88)
FN:1541,(anonymous_89)
FN:1544,(anonymous_90)
FN:1549,(anonymous_91)
FN:1567,(anonymous_92)
FNF:87
FNH:12
FNDA:2,(anonymous_6)
FNDA:46,(anonymous_7)
FNDA:8,(anonymous_8)
FNDA:0,(anonymous_9)
FNDA:12,(anonymous_10)
FNDA:2,(anonymous_11)
FNDA:0,(anonymous_12)
FNDA:0,(anonymous_13)
FNDA:0,(anonymous_14)
FNDA:0,(anonymous_15)
FNDA:0,(anonymous_16)
FNDA:0,(anonymous_17)
FNDA:0,(anonymous_18)
FNDA:0,(anonymous_19)
FNDA:0,(anonymous_20)
FNDA:2,(anonymous_21)
FNDA:9,(anonymous_22)
FNDA:2,(anonymous_23)
FNDA:2,(anonymous_24)
FNDA:0,(anonymous_25)
FNDA:1,(anonymous_26)
FNDA:1,(anonymous_27)
FNDA:1,(anonymous_28)
FNDA:0,(anonymous_29)
FNDA:0,(anonymous_30)
FNDA:0,(anonymous_31)
FNDA:0,(anonymous_32)
FNDA:0,(anonymous_33)
FNDA:0,(anonymous_34)
FNDA:0,(anonymous_35)
FNDA:0,(anonymous_36)
FNDA:0,(anonymous_37)
FNDA:0,(anonymous_38)
FNDA:0,(anonymous_39)
FNDA:0,(anonymous_40)
FNDA:0,(anonymous_41)
FNDA:0,(anonymous_42)
FNDA:0,(anonymous_43)
FNDA:0,(anonymous_44)
FNDA:0,(anonymous_45)
FNDA:0,(anonymous_46)
FNDA:0,(anonymous_47)
FNDA:0,(anonymous_48)
FNDA:0,(anonymous_49)
FNDA:0,(anonymous_50)
FNDA:0,(anonymous_51)
FNDA:0,(anonymous_52)
FNDA:0,(anonymous_53)
FNDA:0,(anonymous_54)
FNDA:0,(anonymous_55)
FNDA:0,(anonymous_56)
FNDA:0,(anonymous_57)
FNDA:0,(anonymous_58)
FNDA:0,(anonymous_59)
FNDA:0,(anonymous_60)
FNDA:0,(anonymous_61)
FNDA:0,(anonymous_62)
FNDA:0,(anonymous_63)
FNDA:0,(anonymous_64)
FNDA:0,(anonymous_65)
FNDA:0,(anonymous_66)
FNDA:0,(anonymous_67)
FNDA:0,(anonymous_68)
FNDA:0,(anonymous_69)
FNDA:0,(anonymous_70)
FNDA:0,(anonymous_71)
FNDA:0,(anonymous_72)
FNDA:0,(anonymous_73)
FNDA:0,(anonymous_74)
FNDA:0,(anonymous_75)
FNDA:0,(anonymous_76)
FNDA:0,(anonymous_77)
FNDA:0,(anonymous_78)
FNDA:0,(anonymous_79)
FNDA:0,(anonymous_80)
FNDA:0,(anonymous_81)
FNDA:0,(anonymous_82)
FNDA:0,(anonymous_83)
FNDA:0,(anonymous_84)
FNDA:0,(anonymous_85)
FNDA:0,(anonymous_86)
FNDA:0,(anonymous_87)
FNDA:0,(anonymous_88)
FNDA:0,(anonymous_89)
FNDA:0,(anonymous_90)
FNDA:0,(anonymous_91)
FNDA:0,(anonymous_92)
DA:1,3
DA:4,3
DA:5,3
DA:6,3
DA:7,3
DA:8,3
DA:9,3
DA:10,3
DA:11,3
DA:12,3
DA:14,3
DA:17,3
DA:18,3
DA:20,3
DA:21,3
DA:25,0
DA:41,2
DA:42,2
DA:54,2
DA:62,2
DA:65,2
DA:67,2
DA:69,2
DA:70,2
DA:71,8
DA:72,8
DA:75,8
DA:76,8
DA:78,8
DA:81,8
DA:84,46
DA:87,8
DA:90,4
DA:93,2
DA:96,12
DA:99,2
DA:102,2
DA:105,2
DA:107,0
DA:111,2
DA:114,2
DA:117,2
DA:119,2
DA:121,2
DA:124,2
DA:127,2
DA:130,2
DA:133,2
DA:136,2
DA:139,2
DA:142,2
DA:143,2
DA:144,2
DA:147,2
DA:158,2
DA:160,2
DA:163,2
DA:166,0
DA:169,0
DA:172,0
DA:173,0
DA:174,0
DA:176,0
DA:177,0
DA:180,0
DA:181,0
DA:183,0
DA:187,0
DA:188,0
DA:190,0
DA:192,0
DA:193,0
DA:194,0
DA:195,0
DA:198,0
DA:199,0
DA:200,0
DA:204,0
DA:206,0
DA:207,0
DA:208,0
DA:212,0
DA:213,0
DA:214,0
DA:220,2
DA:221,2
DA:223,2
DA:224,0
DA:226,0
DA:227,0
DA:230,0
DA:231,0
DA:232,0
DA:233,0
DA:234,0
DA:235,0
DA:236,0
DA:237,0
DA:241,0
DA:242,0
DA:243,0
DA:248,2
DA:249,0
DA:250,2
DA:252,0
DA:256,2
DA:257,0
DA:258,0
DA:261,2
DA:268,2
DA:274,2
DA:275,9
DA:286,2
DA:287,2
DA:288,2
DA:291,0
DA:292,0
DA:293,0
DA:298,2
DA:299,2
DA:300,1
DA:302,1
DA:304,1
DA:306,1
DA:308,2
DA:309,1
DA:311,0
DA:315,1
DA:316,1
DA:317,0
DA:319,0
DA:320,0
DA:321,0
DA:323,0
DA:329,2
DA:330,2
DA:333,2
DA:334,0
DA:336,2
DA:337,1
DA:340,2
DA:345,1
DA:347,1
DA:349,1
DA:358,1
DA:359,1
DA:360,1
DA:363,1
DA:365,1
DA:373,1
DA:378,1
DA:379,1
DA:380,1
DA:381,1
DA:383,0
DA:384,0
DA:395,0
DA:396,0
DA:397,0
DA:398,0
DA:399,0
DA:400,0
DA:401,0
DA:403,0
DA:404,0
DA:405,0
DA:406,0
DA:407,0
DA:408,0
DA:409,0
DA:410,0
DA:413,0
DA:416,0
DA:419,0
DA:420,0
DA:421,0
DA:424,0
DA:425,0
DA:426,0
DA:431,0
DA:432,0
DA:433,0
DA:434,0
DA:439,0
DA:441,0
DA:443,0
DA:444,0
DA:446,0
DA:447,0
DA:449,0
DA:450,0
DA:452,0
DA:453,0
DA:455,0
DA:456,0
DA:457,0
DA:458,0
DA:460,0
DA:461,0
DA:463,0
DA:464,0
DA:466,0
DA:467,0
DA:469,0
DA:470,0
DA:471,0
DA:473,0
DA:474,0
DA:475,0
DA:478,0
DA:479,0
DA:496,0
DA:499,0
DA:500,0
DA:501,0
DA:505,0
DA:519,0
DA:529,0
DA:533,0
DA:536,0
DA:537,0
DA:538,0
DA:539,0
DA:543,0
DA:547,0
DA:553,0
DA:557,0
DA:558,0
DA:560,0
DA:561,0
DA:564,0
DA:572,0
DA:573,0
DA:576,0
DA:579,0
DA:580,0
DA:583,0
DA:584,0
DA:587,0
DA:588,0
DA:589,0
DA:592,0
DA:600,0
DA:603,0
DA:604,0
DA:605,0
DA:610,0
DA:611,0
DA:618,0
DA:619,0
DA:621,0
DA:622,0
DA:623,0
DA:624,0
DA:625,0
DA:626,0
DA:631,0
DA:632,0
DA:633,0
DA:634,0
DA:636,0
DA:639,0
DA:641,0
DA:642,0
DA:645,0
DA:648,0
DA:649,0
DA:650,0
DA:651,0
DA:652,0
DA:655,0
DA:658,0
DA:666,0
DA:669,0
DA:671,0
DA:672,0
DA:686,0
DA:688,0
DA:689,0
DA:692,0
DA:695,0
DA:696,0
DA:699,0
DA:700,0
DA:701,0
DA:702,0
DA:703,0
DA:704,0
DA:705,0
DA:706,0
DA:707,0
DA:728,0
DA:729,0
DA:730,0
DA:733,0
DA:736,0
DA:737,0
DA:740,0
DA:743,0
DA:744,0
DA:745,0
DA:746,0
DA:750,0
DA:753,0
DA:761,0
DA:770,0
DA:771,0
DA:772,0
DA:777,0
DA:778,0
DA:785,0
DA:786,0
DA:788,0
DA:789,0
DA:790,0
DA:791,0
DA:792,0
DA:793,0
DA:798,0
DA:799,0
DA:800,0
DA:801,0
DA:803,0
DA:806,0
DA:808,0
DA:809,0
DA:812,0
DA:815,0
DA:816,0
DA:817,0
DA:819,0
DA:820,0
DA:823,0
DA:824,0
DA:835,0
DA:842,0
DA:843,0
DA:844,0
DA:847,0
DA:848,0
DA:851,0
DA:857,0
DA:880,0
DA:881,0
DA:882,0
DA:885,0
DA:886,0
DA:887,0
DA:888,0
DA:890,0
DA:891,0
DA:892,0
DA:893,0
DA:894,0
DA:896,0
DA:897,0
DA:899,0
DA:904,0
DA:905,0
DA:906,0
DA:907,0
DA:908,0
DA:909,0
DA:911,0
DA:914,0
DA:924,0
DA:925,0
DA:927,0
DA:929,0
DA:942,0
DA:943,0
DA:945,0
DA:948,0
DA:990,0
DA:991,0
DA:994,0
DA:995,0
DA:997,0
DA:1000,0
DA:1036,0
DA:1037,0
DA:1039,0
DA:1042,0
DA:1045,0
DA:1046,0
DA:1047,0
DA:1048,0
DA:1049,0
DA:1050,0
DA:1052,0
DA:1053,0
DA:1054,0
DA:1055,0
DA:1057,0
DA:1060,0
DA:1062,0
DA:1066,0
DA:1067,0
DA:1068,0
DA:1069,0
DA:1071,0
DA:1073,0
DA:1074,0
DA:1076,0
DA:1077,0
DA:1078,0
DA:1079,0
DA:1081,0
DA:1082,0
DA:1083,0
DA:1084,0
DA:1085,0
DA:1086,0
DA:1089,0
DA:1090,0
DA:1094,0
DA:1098,0
DA:1099,0
DA:1104,0
DA:1105,0
DA:1111,0
DA:1112,0
DA:1114,0
DA:1117,0
DA:1118,0
DA:1119,0
DA:1120,0
DA:1121,0
DA:1122,0
DA:1124,0
DA:1125,0
DA:1128,0
DA:1129,0
DA:1130,0
DA:1131,0
DA:1132,0
DA:1138,0
DA:1139,0
DA:1140,0
DA:1144,0
DA:1145,0
DA:1147,0
DA:1148,0
DA:1151,0
DA:1152,0
DA:1153,0
DA:1156,0
DA:1158,0
DA:1159,0
DA:1160,0
DA:1162,0
DA:1164,0
DA:1167,0
DA:1175,0
DA:1178,0
DA:1179,0
DA:1180,0
DA:1183,0
DA:1185,0
DA:1186,0
DA:1192,0
DA:1193,0
DA:1194,0
DA:1195,0
DA:1196,0
DA:1197,0
DA:1198,0
DA:1203,0
DA:1204,0
DA:1205,0
DA:1206,0
DA:1208,0
DA:1211,0
DA:1213,0
DA:1214,0
DA:1216,0
DA:1220,0
DA:1222,0
DA:1224,0
DA:1225,0
DA:1226,0
DA:1229,0
DA:1232,0
DA:1233,0
DA:1236,0
DA:1239,0
DA:1246,0
DA:1247,0
DA:1252,0
DA:1253,0
DA:1254,0
DA:1258,0
DA:1259,0
DA:1260,0
DA:1261,0
DA:1262,0
DA:1264,0
DA:1265,0
DA:1266,0
DA:1268,0
DA:1269,0
DA:1272,0
DA:1273,0
DA:1275,0
DA:1277,0
DA:1278,0
DA:1280,0
DA:1284,0
DA:1285,0
DA:1286,0
DA:1287,0
DA:1289,0
DA:1290,0
DA:1291,0
DA:1293,0
DA:1294,0
DA:1296,0
DA:1298,0
DA:1300,0
DA:1302,0
DA:1303,0
DA:1304,0
DA:1305,0
DA:1306,0
DA:1309,0
DA:1312,0
DA:1313,0
DA:1314,0
DA:1318,0
DA:1321,0
DA:1322,0
DA:1329,0
DA:1330,0
DA:1334,0
DA:1335,0
DA:1336,0
DA:1337,0
DA:1340,0
DA:1341,0
DA:1343,0
DA:1345,0
DA:1348,0
DA:1351,0
DA:1353,0
DA:1354,0
DA:1357,0
DA:1358,0
DA:1359,0
DA:1360,0
DA:1361,0
DA:1363,0
DA:1364,0
DA:1365,0
DA:1368,0
DA:1370,0
DA:1371,0
DA:1372,0
DA:1373,0
DA:1374,0
DA:1375,0
DA:1377,0
DA:1378,0
DA:1380,0
DA:1381,0
DA:1382,0
DA:1384,0
DA:1386,0
DA:1387,0
DA:1389,0
DA:1391,0
DA:1394,0
DA:1395,0
DA:1396,0
DA:1397,0
DA:1402,0
DA:1406,0
DA:1407,0
DA:1408,0
DA:1409,0
DA:1412,0
DA:1416,0
DA:1417,0
DA:1422,0
DA:1423,0
DA:1426,0
DA:1429,0
DA:1436,0
DA:1437,0
DA:1438,0
DA:1439,0
DA:1441,0
DA:1442,0
DA:1443,0
DA:1444,0
DA:1445,0
DA:1449,0
DA:1454,0
DA:1455,0
DA:1456,0
DA:1463,0
DA:1465,0
DA:1466,0
DA:1467,0
DA:1473,0
DA:1482,0
DA:1483,0
DA:1487,0
DA:1488,0
DA:1492,0
DA:1493,0
DA:1500,0
DA:1501,0
DA:1504,0
DA:1505,0
DA:1506,0
DA:1507,0
DA:1508,0
DA:1509,0
DA:1514,0
DA:1515,0
DA:1516,0
DA:1517,0
DA:1518,0
DA:1519,0
DA:1524,0
DA:1525,0
DA:1527,0
DA:1530,0
DA:1535,0
DA:1536,0
DA:1537,0
DA:1538,0
DA:1541,0
DA:1545,0
DA:1546,0
DA:1550,0
DA:1551,0
DA:1554,0
DA:1555,0
DA:1557,0
DA:1558,0
DA:1562,0
DA:1563,0
DA:1564,0
DA:1569,0
DA:1572,0
DA:1577,0
DA:1579,0
LF:648
LH:97
BRDA:72,0,0,0
BRDA:76,1,0,0
BRDA:81,2,0,0
BRDA:84,3,0,4
BRDA:87,4,0,0
BRDA:90,5,0,2
BRDA:93,6,0,0
BRDA:93,7,0,2
BRDA:93,7,1,0
BRDA:96,8,0,0
BRDA:99,9,0,0
BRDA:99,10,0,2
BRDA:99,10,1,0
BRDA:102,11,0,0
BRDA:105,12,0,0
BRDA:107,13,0,0
BRDA:111,14,0,0
BRDA:114,15,0,0
BRDA:117,16,0,0
BRDA:121,17,0,0
BRDA:163,18,0,2
BRDA:166,19,0,0
BRDA:169,20,0,0
BRDA:204,21,0,0
BRDA:204,21,1,0
BRDA:206,22,0,0
BRDA:206,23,0,0
BRDA:206,23,1,0
BRDA:206,23,2,0
BRDA:212,24,0,0
BRDA:235,25,0,0
BRDA:241,26,0,0
BRDA:248,27,0,0
BRDA:248,27,1,2
BRDA:250,28,0,0
BRDA:256,29,0,0
BRDA:258,30,0,0
BRDA:258,30,1,0
BRDA:287,31,0,2
BRDA:287,31,1,0
BRDA:292,32,0,0
BRDA:299,33,0,1
BRDA:299,33,1,1
BRDA:306,34,0,1
BRDA:306,34,1,0
BRDA:316,35,0,0
BRDA:320,36,0,0
BRDA:320,36,1,0
BRDA:333,37,0,0
BRDA:333,38,0,2
BRDA:333,38,1,2
BRDA:336,39,0,1
BRDA:336,40,0,2
BRDA:336,40,1,1
BRDA:347,41,0,1
BRDA:347,41,1,0
BRDA:347,42,0,1
BRDA:347,42,1,0
BRDA:351,43,0,1
BRDA:351,43,1,0
BRDA:354,44,0,1
BRDA:354,44,1,0
BRDA:359,45,0,1
BRDA:359,46,0,1
BRDA:359,46,1,0
BRDA:368,47,0,1
BRDA:368,47,1,0
BRDA:378,48,0,0
BRDA:378,49,0,1
BRDA:378,49,1,1
BRDA:380,50,0,1
BRDA:380,51,0,1
BRDA:380,51,1,0
BRDA:384,52,0,0
BRDA:384,52,1,0
BRDA:424,53,0,0
BRDA:432,54,0,0
BRDA:441,55,0,0
BRDA:441,55,1,0
BRDA:441,55,2,0
BRDA:441,55,3,0
BRDA:441,55,4,0
BRDA:441,55,5,0
BRDA:441,55,6,0
BRDA:441,55,7,0
BRDA:441,55,8,0
BRDA:441,55,9,0
BRDA:441,55,10,0
BRDA:499,56,0,0
BRDA:538,57,0,0
BRDA:557,58,0,0
BRDA:557,59,0,0
BRDA:557,59,1,0
BRDA:564,60,0,0
BRDA:564,60,1,0
BRDA:612,61,0,0
BRDA:612,61,1,0
BRDA:613,62,0,0
BRDA:613,62,1,0
BRDA:619,63,0,0
BRDA:619,63,1,0
BRDA:621,64,0,0
BRDA:623,65,0,0
BRDA:623,65,1,0
BRDA:624,66,0,0
BRDA:624,66,1,0
BRDA:633,67,0,0
BRDA:633,67,1,0
BRDA:634,68,0,0
BRDA:634,68,1,0
BRDA:639,69,0,0
BRDA:639,69,1,0
BRDA:641,70,0,0
BRDA:669,71,0,0
BRDA:669,71,1,0
BRDA:689,72,0,0
BRDA:689,72,1,0
BRDA:692,73,0,0
BRDA:692,73,1,0
BRDA:695,74,0,0
BRDA:695,74,1,0
BRDA:695,75,0,0
BRDA:695,75,1,0
BRDA:744,76,0,0
BRDA:786,77,0,0
BRDA:786,77,1,0
BRDA:788,78,0,0
BRDA:790,79,0,0
BRDA:790,79,1,0
BRDA:791,80,0,0
BRDA:791,80,1,0
BRDA:800,81,0,0
BRDA:800,81,1,0
BRDA:801,82,0,0
BRDA:801,82,1,0
BRDA:806,83,0,0
BRDA:806,83,1,0
BRDA:808,84,0,0
BRDA:847,85,0,0
BRDA:847,85,1,0
BRDA:885,86,0,0
BRDA:891,87,0,0
BRDA:891,87,1,0
BRDA:896,88,0,0
BRDA:908,89,0,0
BRDA:991,90,0,0
BRDA:991,90,1,0
BRDA:991,91,0,0
BRDA:991,91,1,0
BRDA:1006,92,0,0
BRDA:1006,92,1,0
BRDA:1009,93,0,0
BRDA:1009,93,1,0
BRDA:1012,94,0,0
BRDA:1012,94,1,0
BRDA:1017,95,0,0
BRDA:1017,95,1,0
BRDA:1052,96,0,0
BRDA:1074,97,0,0
BRDA:1094,98,0,0
BRDA:1094,98,1,0
BRDA:1099,99,0,0
BRDA:1099,99,1,0
BRDA:1099,100,0,0
BRDA:1099,100,1,0
BRDA:1119,101,0,0
BRDA:1120,102,0,0
BRDA:1120,102,1,0
BRDA:1122,103,0,0
BRDA:1122,103,1,0
BRDA:1129,104,0,0
BRDA:1129,105,0,0
BRDA:1129,105,1,0
BRDA:1147,106,0,0
BRDA:1147,107,0,0
BRDA:1147,107,1,0
BRDA:1159,108,0,0
BRDA:1159,108,1,0
BRDA:1195,109,0,0
BRDA:1195,109,1,0
BRDA:1196,110,0,0
BRDA:1196,110,1,0
BRDA:1205,111,0,0
BRDA:1205,111,1,0
BRDA:1206,112,0,0
BRDA:1206,112,1,0
BRDA:1211,113,0,0
BRDA:1211,113,1,0
BRDA:1213,114,0,0
BRDA:1261,115,0,0
BRDA:1261,115,1,0
BRDA:1289,116,0,0
BRDA:1289,116,1,0
BRDA:1302,117,0,0
BRDA:1302,117,1,0
BRDA:1306,118,0,0
BRDA:1306,118,1,0
BRDA:1306,119,0,0
BRDA:1306,119,1,0
BRDA:1312,120,0,0
BRDA:1312,120,1,0
BRDA:1313,121,0,0
BRDA:1313,121,1,0
BRDA:1314,122,0,0
BRDA:1314,122,1,0
BRDA:1329,123,0,0
BRDA:1360,124,0,0
BRDA:1360,124,1,0
BRDA:1361,125,0,0
BRDA:1361,125,1,0
BRDA:1372,126,0,0
BRDA:1375,127,0,0
BRDA:1375,127,1,0
BRDA:1377,128,0,0
BRDA:1377,128,1,0
BRDA:1380,129,0,0
BRDA:1380,129,1,0
BRDA:1382,130,0,0
BRDA:1382,130,1,0
BRDA:1384,131,0,0
BRDA:1397,132,0,0
BRDA:1397,132,1,0
BRDA:1402,133,0,0
BRDA:1402,133,1,0
BRDA:1408,134,0,0
BRDA:1408,135,0,0
BRDA:1408,135,1,0
BRDA:1408,135,2,0
BRDA:1409,136,0,0
BRDA:1409,136,1,0
BRDA:1417,137,0,0
BRDA:1417,137,1,0
BRDA:1441,138,0,0
BRDA:1441,138,1,0
BRDA:1476,139,0,0
BRDA:1476,139,1,0
BRDA:1500,140,0,0
BRDA:1500,140,1,0
BRDA:1500,141,0,0
BRDA:1500,141,1,0
BRDA:1504,142,0,0
BRDA:1504,143,0,0
BRDA:1504,143,1,0
BRDA:1507,144,0,0
BRDA:1507,144,1,0
BRDA:1507,144,2,0
BRDA:1514,145,0,0
BRDA:1514,146,0,0
BRDA:1514,146,1,0
BRDA:1517,147,0,0
BRDA:1517,147,1,0
BRDA:1517,147,2,0
BRDA:1517,147,3,0
BRDA:1519,148,0,0
BRDA:1519,148,1,0
BRDA:1524,149,0,0
BRDA:1524,149,1,0
BRDA:1525,150,0,0
BRDA:1525,150,1,0
BRDA:1525,151,0,0
BRDA:1525,151,1,0
BRDA:1527,152,0,0
BRDA:1527,152,1,0
BRDA:1527,153,0,0
BRDA:1527,153,1,0
BRDA:1554,154,0,0
BRDA:1557,155,0,0
BRDA:1563,156,0,0
BRDA:1563,156,1,0
BRDA:1564,157,0,0
BRDA:1564,157,1,0
BRF:271
BRH:26
end_of_record
TN:
SF:tests\mocks\vscode.ts
FN:2,(anonymous_0)
FN:3,(anonymous_1)
FN:5,(anonymous_2)
FN:11,(anonymous_3)
FN:12,(anonymous_4)
FN:13,(anonymous_5)
FN:14,(anonymous_6)
FN:15,(anonymous_7)
FNF:8
FNH:5
FNDA:15,(anonymous_0)
FNDA:39,(anonymous_1)
FNDA:6,(anonymous_2)
FNDA:51,(anonymous_3)
FNDA:4,(anonymous_4)
FNDA:0,(anonymous_5)
FNDA:0,(anonymous_6)
FNDA:0,(anonymous_7)
DA:1,13
DA:2,15
DA:3,39
DA:10,13
DA:11,51
DA:21,13
DA:25,13
LF:7
LH:7
BRF:0
BRH:0
end_of_record
